SF:E:\patlang\rust-runtime\src\arithmetic.rs
FN:13,_RNvNtCs43WEgEEdnv2_15patlang_runtime10arithmetic15eval_arithmetic
FN:13,_RNvNtCsfdX6iJdxz1r_15patlang_runtime10arithmetic15eval_arithmetic
FNDA:10,_RNvNtCs43WEgEEdnv2_15patlang_runtime10arithmetic15eval_arithmetic
FNDA:0,_RNvNtCsfdX6iJdxz1r_15patlang_runtime10arithmetic15eval_arithmetic
FNF:1
FNH:1
DA:13,10
DA:14,10
DA:15,4
DA:16,1
DA:17,1
DA:18,2
DA:19,2
DA:21,10
BRF:0
BRH:0
LF:8
LH:8
end_of_record
SF:E:\patlang\rust-runtime\src\ast.rs
FN:97,_RNvMNtCs43WEgEEdnv2_15patlang_runtime3astNtB2_12BinaryOpKind13from_operator
FN:97,_RNvMNtCsfdX6iJdxz1r_15patlang_runtime3astNtB2_12BinaryOpKind13from_operator
FNDA:15,_RNvMNtCs43WEgEEdnv2_15patlang_runtime3astNtB2_12BinaryOpKind13from_operator
FNDA:0,_RNvMNtCsfdX6iJdxz1r_15patlang_runtime3astNtB2_12BinaryOpKind13from_operator
FNF:1
FNH:1
DA:97,15
DA:98,15
DA:103,7
DA:105,2
DA:110,6
DA:112,15
BRF:0
BRH:0
LF:6
LH:6
end_of_record
SF:E:\patlang\rust-runtime\src\builtins.rs
FN:264,_RNCNCNCNCNCNvNtCs43WEgEEdnv2_15patlang_runtime8builtins17register_defaultss6_0s_0000Bd_
FN:264,_RNCNCNCNCNvNtCs43WEgEEdnv2_15patlang_runtime8builtins17register_defaultss6_0s_000Bb_
FN:257,_RNCNCNCNvNtCs43WEgEEdnv2_15patlang_runtime8builtins17register_defaultss6_0s_00B9_
FN:251,_RNCNCNvNtCs43WEgEEdnv2_15patlang_runtime8builtins17register_defaultss6_00B7_
FN:255,_RNCNCNvNtCs43WEgEEdnv2_15patlang_runtime8builtins17register_defaultss6_0s_0B7_
FN:152,_RNCNvMNtCs43WEgEEdnv2_15patlang_runtime8builtinsNtB4_14MethodRegistry6lookup0B6_
FN:260,_RNCNvNCNCNCNvNtCs43WEgEEdnv2_15patlang_runtime8builtins17register_defaultss6_0s_006handle0Bd_
FN:120,_RNCNvNtCs43WEgEEdnv2_15patlang_runtime8builtins13handle_method0B5_
FN:161,_RNCNvNtCs43WEgEEdnv2_15patlang_runtime8builtins17register_defaults0B5_
FN:184,_RNCNvNtCs43WEgEEdnv2_15patlang_runtime8builtins17register_defaultss0_0B5_
FN:195,_RNCNvNtCs43WEgEEdnv2_15patlang_runtime8builtins17register_defaultss1_0B5_
FN:199,_RNCNvNtCs43WEgEEdnv2_15patlang_runtime8builtins17register_defaultss2_0B5_
FN:206,_RNCNvNtCs43WEgEEdnv2_15patlang_runtime8builtins17register_defaultss3_0B5_
FN:218,_RNCNvNtCs43WEgEEdnv2_15patlang_runtime8builtins17register_defaultss4_0B5_
FN:236,_RNCNvNtCs43WEgEEdnv2_15patlang_runtime8builtins17register_defaultss5_0B5_
FN:248,_RNCNvNtCs43WEgEEdnv2_15patlang_runtime8builtins17register_defaultss6_0B5_
FN:273,_RNCNvNtCs43WEgEEdnv2_15patlang_runtime8builtins17register_defaultss7_0B5_
FN:280,_RNCNvNtCs43WEgEEdnv2_15patlang_runtime8builtins17register_defaultss8_0B5_
FN:288,_RNCNvNtCs43WEgEEdnv2_15patlang_runtime8builtins17register_defaultss9_0B5_
FN:169,_RNCNvNtCs43WEgEEdnv2_15patlang_runtime8builtins17register_defaultss_0B5_
FN:294,_RNCNvNtCs43WEgEEdnv2_15patlang_runtime8builtins17register_defaultssa_0B5_
FN:301,_RNCNvNtCs43WEgEEdnv2_15patlang_runtime8builtins17register_defaultssb_0B5_
FN:304,_RNCNvNtCs43WEgEEdnv2_15patlang_runtime8builtins17register_defaultssc_0B5_
FN:307,_RNCNvNtCs43WEgEEdnv2_15patlang_runtime8builtins17register_defaultssd_0B5_
FN:145,_RNvMNtCs43WEgEEdnv2_15patlang_runtime8builtinsNtB2_14MethodRegistry3new
FN:150,_RNvMNtCs43WEgEEdnv2_15patlang_runtime8builtinsNtB2_14MethodRegistry6lookup
FN:146,_RNvMNtCs43WEgEEdnv2_15patlang_runtime8builtinsNtB2_14MethodRegistry8register
FN:260,_RNvNCNCNCNvNtCs43WEgEEdnv2_15patlang_runtime8builtins17register_defaultss6_0s_006handle
FN:113,_RNvNtCs43WEgEEdnv2_15patlang_runtime8builtins13handle_method
FN:16,_RNvNtCs43WEgEEdnv2_15patlang_runtime8builtins15handle_function
FN:158,_RNvNtCs43WEgEEdnv2_15patlang_runtime8builtins17register_defaults
FN:315,_RNvNtCs43WEgEEdnv2_15patlang_runtime8builtins8registry
FN:264,_RNCNCNCNCNCNvNtCsfdX6iJdxz1r_15patlang_runtime8builtins17register_defaultss6_0s_0000Bd_
FN:264,_RNCNCNCNCNvNtCsfdX6iJdxz1r_15patlang_runtime8builtins17register_defaultss6_0s_000Bb_
FN:257,_RNCNCNCNvNtCsfdX6iJdxz1r_15patlang_runtime8builtins17register_defaultss6_0s_00B9_
FN:251,_RNCNCNvNtCsfdX6iJdxz1r_15patlang_runtime8builtins17register_defaultss6_00B7_
FN:255,_RNCNCNvNtCsfdX6iJdxz1r_15patlang_runtime8builtins17register_defaultss6_0s_0B7_
FN:152,_RNCNvMNtCsfdX6iJdxz1r_15patlang_runtime8builtinsNtB4_14MethodRegistry6lookup0B6_
FN:260,_RNCNvNCNCNCNvNtCsfdX6iJdxz1r_15patlang_runtime8builtins17register_defaultss6_0s_006handle0Bd_
FN:120,_RNCNvNtCsfdX6iJdxz1r_15patlang_runtime8builtins13handle_method0B5_
FN:161,_RNCNvNtCsfdX6iJdxz1r_15patlang_runtime8builtins17register_defaults0B5_
FN:184,_RNCNvNtCsfdX6iJdxz1r_15patlang_runtime8builtins17register_defaultss0_0B5_
FN:195,_RNCNvNtCsfdX6iJdxz1r_15patlang_runtime8builtins17register_defaultss1_0B5_
FN:199,_RNCNvNtCsfdX6iJdxz1r_15patlang_runtime8builtins17register_defaultss2_0B5_
FN:206,_RNCNvNtCsfdX6iJdxz1r_15patlang_runtime8builtins17register_defaultss3_0B5_
FN:218,_RNCNvNtCsfdX6iJdxz1r_15patlang_runtime8builtins17register_defaultss4_0B5_
FN:236,_RNCNvNtCsfdX6iJdxz1r_15patlang_runtime8builtins17register_defaultss5_0B5_
FN:248,_RNCNvNtCsfdX6iJdxz1r_15patlang_runtime8builtins17register_defaultss6_0B5_
FN:273,_RNCNvNtCsfdX6iJdxz1r_15patlang_runtime8builtins17register_defaultss7_0B5_
FN:280,_RNCNvNtCsfdX6iJdxz1r_15patlang_runtime8builtins17register_defaultss8_0B5_
FN:288,_RNCNvNtCsfdX6iJdxz1r_15patlang_runtime8builtins17register_defaultss9_0B5_
FN:169,_RNCNvNtCsfdX6iJdxz1r_15patlang_runtime8builtins17register_defaultss_0B5_
FN:294,_RNCNvNtCsfdX6iJdxz1r_15patlang_runtime8builtins17register_defaultssa_0B5_
FN:301,_RNCNvNtCsfdX6iJdxz1r_15patlang_runtime8builtins17register_defaultssb_0B5_
FN:304,_RNCNvNtCsfdX6iJdxz1r_15patlang_runtime8builtins17register_defaultssc_0B5_
FN:307,_RNCNvNtCsfdX6iJdxz1r_15patlang_runtime8builtins17register_defaultssd_0B5_
FN:145,_RNvMNtCsfdX6iJdxz1r_15patlang_runtime8builtinsNtB2_14MethodRegistry3new
FN:150,_RNvMNtCsfdX6iJdxz1r_15patlang_runtime8builtinsNtB2_14MethodRegistry6lookup
FN:146,_RNvMNtCsfdX6iJdxz1r_15patlang_runtime8builtinsNtB2_14MethodRegistry8register
FN:260,_RNvNCNCNCNvNtCsfdX6iJdxz1r_15patlang_runtime8builtins17register_defaultss6_0s_006handle
FN:113,_RNvNtCsfdX6iJdxz1r_15patlang_runtime8builtins13handle_method
FN:16,_RNvNtCsfdX6iJdxz1r_15patlang_runtime8builtins15handle_function
FN:158,_RNvNtCsfdX6iJdxz1r_15patlang_runtime8builtins17register_defaults
FN:315,_RNvNtCsfdX6iJdxz1r_15patlang_runtime8builtins8registry
FNDA:0,_RNCNCNCNCNCNvNtCs43WEgEEdnv2_15patlang_runtime8builtins17register_defaultss6_0s_0000Bd_
FNDA:0,_RNCNCNCNCNvNtCs43WEgEEdnv2_15patlang_runtime8builtins17register_defaultss6_0s_000Bb_
FNDA:0,_RNCNCNCNvNtCs43WEgEEdnv2_15patlang_runtime8builtins17register_defaultss6_0s_00B9_
FNDA:0,_RNCNCNvNtCs43WEgEEdnv2_15patlang_runtime8builtins17register_defaultss6_00B7_
FNDA:0,_RNCNCNvNtCs43WEgEEdnv2_15patlang_runtime8builtins17register_defaultss6_0s_0B7_
FNDA:12,_RNCNvMNtCs43WEgEEdnv2_15patlang_runtime8builtinsNtB4_14MethodRegistry6lookup0B6_
FNDA:0,_RNCNvNCNCNCNvNtCs43WEgEEdnv2_15patlang_runtime8builtins17register_defaultss6_0s_006handle0Bd_
FNDA:0,_RNCNvNtCs43WEgEEdnv2_15patlang_runtime8builtins13handle_method0B5_
FNDA:7,_RNCNvNtCs43WEgEEdnv2_15patlang_runtime8builtins17register_defaults0B5_
FNDA:0,_RNCNvNtCs43WEgEEdnv2_15patlang_runtime8builtins17register_defaultss0_0B5_
FNDA:0,_RNCNvNtCs43WEgEEdnv2_15patlang_runtime8builtins17register_defaultss1_0B5_
FNDA:0,_RNCNvNtCs43WEgEEdnv2_15patlang_runtime8builtins17register_defaultss2_0B5_
FNDA:0,_RNCNvNtCs43WEgEEdnv2_15patlang_runtime8builtins17register_defaultss3_0B5_
FNDA:2,_RNCNvNtCs43WEgEEdnv2_15patlang_runtime8builtins17register_defaultss4_0B5_
FNDA:3,_RNCNvNtCs43WEgEEdnv2_15patlang_runtime8builtins17register_defaultss5_0B5_
FNDA:0,_RNCNvNtCs43WEgEEdnv2_15patlang_runtime8builtins17register_defaultss6_0B5_
FNDA:0,_RNCNvNtCs43WEgEEdnv2_15patlang_runtime8builtins17register_defaultss7_0B5_
FNDA:0,_RNCNvNtCs43WEgEEdnv2_15patlang_runtime8builtins17register_defaultss8_0B5_
FNDA:0,_RNCNvNtCs43WEgEEdnv2_15patlang_runtime8builtins17register_defaultss9_0B5_
FNDA:0,_RNCNvNtCs43WEgEEdnv2_15patlang_runtime8builtins17register_defaultss_0B5_
FNDA:0,_RNCNvNtCs43WEgEEdnv2_15patlang_runtime8builtins17register_defaultssa_0B5_
FNDA:0,_RNCNvNtCs43WEgEEdnv2_15patlang_runtime8builtins17register_defaultssb_0B5_
FNDA:0,_RNCNvNtCs43WEgEEdnv2_15patlang_runtime8builtins17register_defaultssc_0B5_
FNDA:0,_RNCNvNtCs43WEgEEdnv2_15patlang_runtime8builtins17register_defaultssd_0B5_
FNDA:3,_RNvMNtCs43WEgEEdnv2_15patlang_runtime8builtinsNtB2_14MethodRegistry3new
FNDA:12,_RNvMNtCs43WEgEEdnv2_15patlang_runtime8builtinsNtB2_14MethodRegistry6lookup
FNDA:48,_RNvMNtCs43WEgEEdnv2_15patlang_runtime8builtinsNtB2_14MethodRegistry8register
FNDA:0,_RNvNCNCNCNvNtCs43WEgEEdnv2_15patlang_runtime8builtins17register_defaultss6_0s_006handle
FNDA:12,_RNvNtCs43WEgEEdnv2_15patlang_runtime8builtins13handle_method
FNDA:55,_RNvNtCs43WEgEEdnv2_15patlang_runtime8builtins15handle_function
FNDA:3,_RNvNtCs43WEgEEdnv2_15patlang_runtime8builtins17register_defaults
FNDA:12,_RNvNtCs43WEgEEdnv2_15patlang_runtime8builtins8registry
FNDA:0,_RNCNCNCNCNCNvNtCsfdX6iJdxz1r_15patlang_runtime8builtins17register_defaultss6_0s_0000Bd_
FNDA:0,_RNCNCNCNCNvNtCsfdX6iJdxz1r_15patlang_runtime8builtins17register_defaultss6_0s_000Bb_
FNDA:0,_RNCNCNCNvNtCsfdX6iJdxz1r_15patlang_runtime8builtins17register_defaultss6_0s_00B9_
FNDA:0,_RNCNCNvNtCsfdX6iJdxz1r_15patlang_runtime8builtins17register_defaultss6_00B7_
FNDA:0,_RNCNCNvNtCsfdX6iJdxz1r_15patlang_runtime8builtins17register_defaultss6_0s_0B7_
FNDA:0,_RNCNvMNtCsfdX6iJdxz1r_15patlang_runtime8builtinsNtB4_14MethodRegistry6lookup0B6_
FNDA:0,_RNCNvNCNCNCNvNtCsfdX6iJdxz1r_15patlang_runtime8builtins17register_defaultss6_0s_006handle0Bd_
FNDA:0,_RNCNvNtCsfdX6iJdxz1r_15patlang_runtime8builtins13handle_method0B5_
FNDA:0,_RNCNvNtCsfdX6iJdxz1r_15patlang_runtime8builtins17register_defaults0B5_
FNDA:0,_RNCNvNtCsfdX6iJdxz1r_15patlang_runtime8builtins17register_defaultss0_0B5_
FNDA:0,_RNCNvNtCsfdX6iJdxz1r_15patlang_runtime8builtins17register_defaultss1_0B5_
FNDA:0,_RNCNvNtCsfdX6iJdxz1r_15patlang_runtime8builtins17register_defaultss2_0B5_
FNDA:0,_RNCNvNtCsfdX6iJdxz1r_15patlang_runtime8builtins17register_defaultss3_0B5_
FNDA:0,_RNCNvNtCsfdX6iJdxz1r_15patlang_runtime8builtins17register_defaultss4_0B5_
FNDA:0,_RNCNvNtCsfdX6iJdxz1r_15patlang_runtime8builtins17register_defaultss5_0B5_
FNDA:0,_RNCNvNtCsfdX6iJdxz1r_15patlang_runtime8builtins17register_defaultss6_0B5_
FNDA:0,_RNCNvNtCsfdX6iJdxz1r_15patlang_runtime8builtins17register_defaultss7_0B5_
FNDA:0,_RNCNvNtCsfdX6iJdxz1r_15patlang_runtime8builtins17register_defaultss8_0B5_
FNDA:0,_RNCNvNtCsfdX6iJdxz1r_15patlang_runtime8builtins17register_defaultss9_0B5_
FNDA:0,_RNCNvNtCsfdX6iJdxz1r_15patlang_runtime8builtins17register_defaultss_0B5_
FNDA:0,_RNCNvNtCsfdX6iJdxz1r_15patlang_runtime8builtins17register_defaultssa_0B5_
FNDA:0,_RNCNvNtCsfdX6iJdxz1r_15patlang_runtime8builtins17register_defaultssb_0B5_
FNDA:0,_RNCNvNtCsfdX6iJdxz1r_15patlang_runtime8builtins17register_defaultssc_0B5_
FNDA:0,_RNCNvNtCsfdX6iJdxz1r_15patlang_runtime8builtins17register_defaultssd_0B5_
FNDA:0,_RNvMNtCsfdX6iJdxz1r_15patlang_runtime8builtinsNtB2_14MethodRegistry3new
FNDA:0,_RNvMNtCsfdX6iJdxz1r_15patlang_runtime8builtinsNtB2_14MethodRegistry6lookup
FNDA:0,_RNvMNtCsfdX6iJdxz1r_15patlang_runtime8builtinsNtB2_14MethodRegistry8register
FNDA:0,_RNvNCNCNCNvNtCsfdX6iJdxz1r_15patlang_runtime8builtins17register_defaultss6_0s_006handle
FNDA:0,_RNvNtCsfdX6iJdxz1r_15patlang_runtime8builtins13handle_method
FNDA:0,_RNvNtCsfdX6iJdxz1r_15patlang_runtime8builtins15handle_function
FNDA:0,_RNvNtCsfdX6iJdxz1r_15patlang_runtime8builtins17register_defaults
FNDA:0,_RNvNtCsfdX6iJdxz1r_15patlang_runtime8builtins8registry
FNF:32
FNH:11
DA:16,55
DA:17,55
DA:18,55
DA:19,55
DA:20,55
DA:21,55
DA:22,55
DA:24,0
DA:25,0
DA:28,55
DA:29,0
DA:30,0
DA:31,0
DA:33,55
DA:34,15
DA:35,15
DA:36,15
DA:37,15
DA:38,15
DA:40,40
DA:41,4
DA:42,4
DA:43,4
DA:44,4
DA:45,4
DA:46,4
DA:48,36
DA:49,6
DA:50,6
DA:51,6
DA:52,6
DA:53,6
DA:55,30
DA:56,1
DA:57,1
DA:58,1
DA:59,1
DA:60,1
DA:63,29
DA:64,0
DA:65,0
DA:66,0
DA:67,0
DA:69,29
DA:70,2
DA:71,2
DA:72,2
DA:73,2
DA:74,2
DA:76,27
DA:77,6
DA:78,6
DA:79,6
DA:80,6
DA:81,6
DA:82,6
DA:84,21
DA:85,6
DA:86,6
DA:87,6
DA:88,6
DA:89,6
DA:90,6
DA:92,6
DA:93,6
DA:94,6
DA:95,6
DA:96,6
DA:97,0
DA:99,6
DA:100,0
DA:103,6
DA:104,6
DA:105,6
DA:107,15
DA:109,55
DA:113,12
DA:114,12
DA:115,12
DA:116,12
DA:117,12
DA:118,12
DA:120,12
DA:121,12
DA:122,12
DA:123,0
DA:125,0
DA:126,0
DA:127,0
DA:128,0
DA:129,12
DA:145,3
DA:146,48
DA:147,48
DA:148,24
DA:149,48
DA:150,12
DA:151,12
DA:152,12
DA:153,12
DA:158,3
DA:159,3
DA:161,7
DA:162,7
DA:163,7
DA:164,7
DA:165,7
DA:166,7
DA:167,7
DA:169,3
DA:170,0
DA:171,0
DA:173,0
DA:174,0
DA:175,0
DA:176,0
DA:178,0
DA:179,0
DA:180,0
DA:181,0
DA:182,0
DA:184,3
DA:185,0
DA:186,0
DA:187,0
DA:188,0
DA:189,0
DA:190,0
DA:191,0
DA:192,0
DA:195,3
DA:196,0
DA:197,0
DA:199,3
DA:200,0
DA:201,0
DA:202,0
DA:203,0
DA:204,0
DA:206,3
DA:207,0
DA:208,0
DA:209,0
DA:210,0
DA:211,0
DA:212,0
DA:213,0
DA:214,0
DA:215,0
DA:216,0
DA:218,3
DA:219,2
DA:220,2
DA:221,2
DA:222,2
DA:223,2
DA:224,2
DA:225,2
DA:226,2
DA:227,2
DA:228,2
DA:229,2
DA:230,2
DA:232,0
DA:234,2
DA:236,3
DA:237,3
DA:238,3
DA:239,3
DA:240,2
DA:241,2
DA:242,1
DA:243,0
DA:244,1
DA:245,3
DA:248,3
DA:251,0
DA:252,0
DA:254,0
DA:255,0
DA:256,0
DA:257,0
DA:260,0
DA:261,0
DA:262,0
DA:263,0
DA:264,0
DA:265,0
DA:266,0
DA:267,0
DA:268,0
DA:269,0
DA:270,0
DA:273,3
DA:275,0
DA:276,0
DA:277,0
DA:278,0
DA:280,3
DA:281,0
DA:282,0
DA:284,0
DA:285,0
DA:286,0
DA:288,3
DA:289,0
DA:290,0
DA:291,0
DA:292,0
DA:294,3
DA:295,0
DA:296,0
DA:297,0
DA:298,0
DA:299,0
DA:300,0
DA:301,3
DA:302,0
DA:303,0
DA:304,3
DA:305,0
DA:306,0
DA:307,3
DA:308,0
DA:309,0
DA:311,3
DA:312,3
DA:315,12
BRF:0
BRH:0
LF:252
LH:136
end_of_record
SF:E:\patlang\rust-runtime\src\core_evaluator.rs
FN:487,_RNCNvMs0_NtCs43WEgEEdnv2_15patlang_runtime14core_evaluatorNtB7_13CoreEvaluator12execute_nodes0_0B9_
FN:290,_RNCNvMs0_NtCs43WEgEEdnv2_15patlang_runtime14core_evaluatorNtB7_13CoreEvaluator12execute_nodes_0B9_
FN:532,_RNCNvMs0_NtCs43WEgEEdnv2_15patlang_runtime14core_evaluatorNtB7_13CoreEvaluator24resolve_identifier_value0B9_
FN:585,_RNCNvMs0_NtCs43WEgEEdnv2_15patlang_runtime14core_evaluatorNtB7_13CoreEvaluator26check_contract_with_values0B9_
FN:741,_RNCNvNtCs43WEgEEdnv2_15patlang_runtime14core_evaluator15expr_to_astkind0B5_
FN:792,_RNCNvNtCs43WEgEEdnv2_15patlang_runtime14core_evaluator15expr_to_astkinds0_0B5_
FN:746,_RNCNvNtCs43WEgEEdnv2_15patlang_runtime14core_evaluator15expr_to_astkinds_0B5_
FN:632,_RNCNvNtCs43WEgEEdnv2_15patlang_runtime14core_evaluator23evaluate_patlang_source0B5_
FN:659,_RNCNvNtCs43WEgEEdnv2_15patlang_runtime14core_evaluator23evaluate_patlang_sources0_0B5_
FN:660,_RNCNvNtCs43WEgEEdnv2_15patlang_runtime14core_evaluator23evaluate_patlang_sources1_0B5_
FN:663,_RNCNvNtCs43WEgEEdnv2_15patlang_runtime14core_evaluator23evaluate_patlang_sources2_0B5_
FN:634,_RNCNvNtCs43WEgEEdnv2_15patlang_runtime14core_evaluator23evaluate_patlang_sources_0B5_
FN:607,_RNvMs0_NtCs43WEgEEdnv2_15patlang_runtime14core_evaluatorNtB5_13CoreEvaluator10exit_scope
FN:603,_RNvMs0_NtCs43WEgEEdnv2_15patlang_runtime14core_evaluatorNtB5_13CoreEvaluator11enter_scope
FN:509,_RNvMs0_NtCs43WEgEEdnv2_15patlang_runtime14core_evaluatorNtB5_13CoreEvaluator11run_closure
FN:187,_RNvMs0_NtCs43WEgEEdnv2_15patlang_runtime14core_evaluatorNtB5_13CoreEvaluator12execute_node
FN:170,_RNvMs0_NtCs43WEgEEdnv2_15patlang_runtime14core_evaluatorNtB5_13CoreEvaluator20traverse_and_execute
FN:528,_RNvMs0_NtCs43WEgEEdnv2_15patlang_runtime14core_evaluatorNtB5_13CoreEvaluator24resolve_identifier_value
FN:577,_RNvMs0_NtCs43WEgEEdnv2_15patlang_runtime14core_evaluatorNtB5_13CoreEvaluator26check_contract_with_values
FN:152,_RNvMs0_NtCs43WEgEEdnv2_15patlang_runtime14core_evaluatorNtB5_13CoreEvaluator3new
FN:121,_RNvMs_NtCs43WEgEEdnv2_15patlang_runtime14core_evaluatorNtB4_16ExecutionContext10push_scope
FN:102,_RNvMs_NtCs43WEgEEdnv2_15patlang_runtime14core_evaluatorNtB4_16ExecutionContext3new
FN:132,_RNvMs_NtCs43WEgEEdnv2_15patlang_runtime14core_evaluatorNtB4_16ExecutionContext7get_var
FN:127,_RNvMs_NtCs43WEgEEdnv2_15patlang_runtime14core_evaluatorNtB4_16ExecutionContext7set_var
FN:124,_RNvMs_NtCs43WEgEEdnv2_15patlang_runtime14core_evaluatorNtB4_16ExecutionContext9pop_scope
FN:810,_RNvNtCs43WEgEEdnv2_15patlang_runtime14core_evaluator12evaluate_ast
FN:735,_RNvNtCs43WEgEEdnv2_15patlang_runtime14core_evaluator15expr_to_astkind
FN:672,_RNvNtCs43WEgEEdnv2_15patlang_runtime14core_evaluator15stmt_to_astnode
FN:628,_RNvNtCs43WEgEEdnv2_15patlang_runtime14core_evaluator23evaluate_patlang_source
FN:704,_RNvNvNtCs43WEgEEdnv2_15patlang_runtime14core_evaluator15stmt_to_astnode7collect
FN:72,_RNvXNtCs43WEgEEdnv2_15patlang_runtime14core_evaluatorNtB2_7AstNodeINtNtCs5cb5cxfFw7H_4core7convert4FromNtNtB4_3ast4ExprE4from
FN:559,_RNCNvMs0_NtCs43WEgEEdnv2_15patlang_runtime14core_evaluatorNtB7_13CoreEvaluator14check_contract0B9_
FN:549,_RNvMs0_NtCs43WEgEEdnv2_15patlang_runtime14core_evaluatorNtB5_13CoreEvaluator14check_contract
FN:523,_RNvMs0_NtCs43WEgEEdnv2_15patlang_runtime14core_evaluatorNtB5_13CoreEvaluator20ensure_person_object
FN:487,_RNCNvMs0_NtCsfdX6iJdxz1r_15patlang_runtime14core_evaluatorNtB7_13CoreEvaluator12execute_nodes0_0B9_
FN:290,_RNCNvMs0_NtCsfdX6iJdxz1r_15patlang_runtime14core_evaluatorNtB7_13CoreEvaluator12execute_nodes_0B9_
FN:559,_RNCNvMs0_NtCsfdX6iJdxz1r_15patlang_runtime14core_evaluatorNtB7_13CoreEvaluator14check_contract0B9_
FN:532,_RNCNvMs0_NtCsfdX6iJdxz1r_15patlang_runtime14core_evaluatorNtB7_13CoreEvaluator24resolve_identifier_value0B9_
FN:585,_RNCNvMs0_NtCsfdX6iJdxz1r_15patlang_runtime14core_evaluatorNtB7_13CoreEvaluator26check_contract_with_values0B9_
FN:741,_RNCNvNtCsfdX6iJdxz1r_15patlang_runtime14core_evaluator15expr_to_astkind0B5_
FN:792,_RNCNvNtCsfdX6iJdxz1r_15patlang_runtime14core_evaluator15expr_to_astkinds0_0B5_
FN:746,_RNCNvNtCsfdX6iJdxz1r_15patlang_runtime14core_evaluator15expr_to_astkinds_0B5_
FN:632,_RNCNvNtCsfdX6iJdxz1r_15patlang_runtime14core_evaluator23evaluate_patlang_source0B5_
FN:659,_RNCNvNtCsfdX6iJdxz1r_15patlang_runtime14core_evaluator23evaluate_patlang_sources0_0B5_
FN:660,_RNCNvNtCsfdX6iJdxz1r_15patlang_runtime14core_evaluator23evaluate_patlang_sources1_0B5_
FN:663,_RNCNvNtCsfdX6iJdxz1r_15patlang_runtime14core_evaluator23evaluate_patlang_sources2_0B5_
FN:634,_RNCNvNtCsfdX6iJdxz1r_15patlang_runtime14core_evaluator23evaluate_patlang_sources_0B5_
FN:607,_RNvMs0_NtCsfdX6iJdxz1r_15patlang_runtime14core_evaluatorNtB5_13CoreEvaluator10exit_scope
FN:603,_RNvMs0_NtCsfdX6iJdxz1r_15patlang_runtime14core_evaluatorNtB5_13CoreEvaluator11enter_scope
FN:509,_RNvMs0_NtCsfdX6iJdxz1r_15patlang_runtime14core_evaluatorNtB5_13CoreEvaluator11run_closure
FN:187,_RNvMs0_NtCsfdX6iJdxz1r_15patlang_runtime14core_evaluatorNtB5_13CoreEvaluator12execute_node
FN:549,_RNvMs0_NtCsfdX6iJdxz1r_15patlang_runtime14core_evaluatorNtB5_13CoreEvaluator14check_contract
FN:523,_RNvMs0_NtCsfdX6iJdxz1r_15patlang_runtime14core_evaluatorNtB5_13CoreEvaluator20ensure_person_object
FN:170,_RNvMs0_NtCsfdX6iJdxz1r_15patlang_runtime14core_evaluatorNtB5_13CoreEvaluator20traverse_and_execute
FN:528,_RNvMs0_NtCsfdX6iJdxz1r_15patlang_runtime14core_evaluatorNtB5_13CoreEvaluator24resolve_identifier_value
FN:577,_RNvMs0_NtCsfdX6iJdxz1r_15patlang_runtime14core_evaluatorNtB5_13CoreEvaluator26check_contract_with_values
FN:152,_RNvMs0_NtCsfdX6iJdxz1r_15patlang_runtime14core_evaluatorNtB5_13CoreEvaluator3new
FN:121,_RNvMs_NtCsfdX6iJdxz1r_15patlang_runtime14core_evaluatorNtB4_16ExecutionContext10push_scope
FN:102,_RNvMs_NtCsfdX6iJdxz1r_15patlang_runtime14core_evaluatorNtB4_16ExecutionContext3new
FN:132,_RNvMs_NtCsfdX6iJdxz1r_15patlang_runtime14core_evaluatorNtB4_16ExecutionContext7get_var
FN:127,_RNvMs_NtCsfdX6iJdxz1r_15patlang_runtime14core_evaluatorNtB4_16ExecutionContext7set_var
FN:124,_RNvMs_NtCsfdX6iJdxz1r_15patlang_runtime14core_evaluatorNtB4_16ExecutionContext9pop_scope
FN:810,_RNvNtCsfdX6iJdxz1r_15patlang_runtime14core_evaluator12evaluate_ast
FN:735,_RNvNtCsfdX6iJdxz1r_15patlang_runtime14core_evaluator15expr_to_astkind
FN:672,_RNvNtCsfdX6iJdxz1r_15patlang_runtime14core_evaluator15stmt_to_astnode
FN:628,_RNvNtCsfdX6iJdxz1r_15patlang_runtime14core_evaluator23evaluate_patlang_source
FN:704,_RNvNvNtCsfdX6iJdxz1r_15patlang_runtime14core_evaluator15stmt_to_astnode7collect
FN:72,_RNvXNtCsfdX6iJdxz1r_15patlang_runtime14core_evaluatorNtB2_7AstNodeINtNtCs5cb5cxfFw7H_4core7convert4FromNtNtB4_3ast4ExprE4from
FNDA:1,_RNCNvMs0_NtCs43WEgEEdnv2_15patlang_runtime14core_evaluatorNtB7_13CoreEvaluator12execute_nodes0_0B9_
FNDA:2,_RNCNvMs0_NtCs43WEgEEdnv2_15patlang_runtime14core_evaluatorNtB7_13CoreEvaluator12execute_nodes_0B9_
FNDA:0,_RNCNvMs0_NtCs43WEgEEdnv2_15patlang_runtime14core_evaluatorNtB7_13CoreEvaluator24resolve_identifier_value0B9_
FNDA:78,_RNCNvMs0_NtCs43WEgEEdnv2_15patlang_runtime14core_evaluatorNtB7_13CoreEvaluator26check_contract_with_values0B9_
FNDA:3,_RNCNvNtCs43WEgEEdnv2_15patlang_runtime14core_evaluator15expr_to_astkind0B5_
FNDA:85,_RNCNvNtCs43WEgEEdnv2_15patlang_runtime14core_evaluator15expr_to_astkinds0_0B5_
FNDA:2,_RNCNvNtCs43WEgEEdnv2_15patlang_runtime14core_evaluator15expr_to_astkinds_0B5_
FNDA:0,_RNCNvNtCs43WEgEEdnv2_15patlang_runtime14core_evaluator23evaluate_patlang_source0B5_
FNDA:27,_RNCNvNtCs43WEgEEdnv2_15patlang_runtime14core_evaluator23evaluate_patlang_sources0_0B5_
FNDA:25,_RNCNvNtCs43WEgEEdnv2_15patlang_runtime14core_evaluator23evaluate_patlang_sources1_0B5_
FNDA:6,_RNCNvNtCs43WEgEEdnv2_15patlang_runtime14core_evaluator23evaluate_patlang_sources2_0B5_
FNDA:1,_RNCNvNtCs43WEgEEdnv2_15patlang_runtime14core_evaluator23evaluate_patlang_sources_0B5_
FNDA:0,_RNvMs0_NtCs43WEgEEdnv2_15patlang_runtime14core_evaluatorNtB5_13CoreEvaluator10exit_scope
FNDA:0,_RNvMs0_NtCs43WEgEEdnv2_15patlang_runtime14core_evaluatorNtB5_13CoreEvaluator11enter_scope
FNDA:2,_RNvMs0_NtCs43WEgEEdnv2_15patlang_runtime14core_evaluatorNtB5_13CoreEvaluator11run_closure
FNDA:241,_RNvMs0_NtCs43WEgEEdnv2_15patlang_runtime14core_evaluatorNtB5_13CoreEvaluator12execute_node
FNDA:12,_RNvMs0_NtCs43WEgEEdnv2_15patlang_runtime14core_evaluatorNtB5_13CoreEvaluator20traverse_and_execute
FNDA:34,_RNvMs0_NtCs43WEgEEdnv2_15patlang_runtime14core_evaluatorNtB5_13CoreEvaluator24resolve_identifier_value
FNDA:56,_RNvMs0_NtCs43WEgEEdnv2_15patlang_runtime14core_evaluatorNtB5_13CoreEvaluator26check_contract_with_values
FNDA:28,_RNvMs0_NtCs43WEgEEdnv2_15patlang_runtime14core_evaluatorNtB5_13CoreEvaluator3new
FNDA:3,_RNvMs_NtCs43WEgEEdnv2_15patlang_runtime14core_evaluatorNtB4_16ExecutionContext10push_scope
FNDA:29,_RNvMs_NtCs43WEgEEdnv2_15patlang_runtime14core_evaluatorNtB4_16ExecutionContext3new
FNDA:50,_RNvMs_NtCs43WEgEEdnv2_15patlang_runtime14core_evaluatorNtB4_16ExecutionContext7get_var
FNDA:18,_RNvMs_NtCs43WEgEEdnv2_15patlang_runtime14core_evaluatorNtB4_16ExecutionContext7set_var
FNDA:3,_RNvMs_NtCs43WEgEEdnv2_15patlang_runtime14core_evaluatorNtB4_16ExecutionContext9pop_scope
FNDA:1,_RNvNtCs43WEgEEdnv2_15patlang_runtime14core_evaluator12evaluate_ast
FNDA:179,_RNvNtCs43WEgEEdnv2_15patlang_runtime14core_evaluator15expr_to_astkind
FNDA:59,_RNvNtCs43WEgEEdnv2_15patlang_runtime14core_evaluator15stmt_to_astnode
FNDA:11,_RNvNtCs43WEgEEdnv2_15patlang_runtime14core_evaluator23evaluate_patlang_source
FNDA:0,_RNvNvNtCs43WEgEEdnv2_15patlang_runtime14core_evaluator15stmt_to_astnode7collect
FNDA:46,_RNvXNtCs43WEgEEdnv2_15patlang_runtime14core_evaluatorNtB2_7AstNodeINtNtCs5cb5cxfFw7H_4core7convert4FromNtNtB4_3ast4ExprE4from
FNDA:0,_RNCNvMs0_NtCs43WEgEEdnv2_15patlang_runtime14core_evaluatorNtB7_13CoreEvaluator14check_contract0B9_
FNDA:0,_RNvMs0_NtCs43WEgEEdnv2_15patlang_runtime14core_evaluatorNtB5_13CoreEvaluator14check_contract
FNDA:0,_RNvMs0_NtCs43WEgEEdnv2_15patlang_runtime14core_evaluatorNtB5_13CoreEvaluator20ensure_person_object
FNDA:0,_RNCNvMs0_NtCsfdX6iJdxz1r_15patlang_runtime14core_evaluatorNtB7_13CoreEvaluator12execute_nodes0_0B9_
FNDA:0,_RNCNvMs0_NtCsfdX6iJdxz1r_15patlang_runtime14core_evaluatorNtB7_13CoreEvaluator12execute_nodes_0B9_
FNDA:0,_RNCNvMs0_NtCsfdX6iJdxz1r_15patlang_runtime14core_evaluatorNtB7_13CoreEvaluator14check_contract0B9_
FNDA:0,_RNCNvMs0_NtCsfdX6iJdxz1r_15patlang_runtime14core_evaluatorNtB7_13CoreEvaluator24resolve_identifier_value0B9_
FNDA:0,_RNCNvMs0_NtCsfdX6iJdxz1r_15patlang_runtime14core_evaluatorNtB7_13CoreEvaluator26check_contract_with_values0B9_
FNDA:0,_RNCNvNtCsfdX6iJdxz1r_15patlang_runtime14core_evaluator15expr_to_astkind0B5_
FNDA:0,_RNCNvNtCsfdX6iJdxz1r_15patlang_runtime14core_evaluator15expr_to_astkinds0_0B5_
FNDA:0,_RNCNvNtCsfdX6iJdxz1r_15patlang_runtime14core_evaluator15expr_to_astkinds_0B5_
FNDA:0,_RNCNvNtCsfdX6iJdxz1r_15patlang_runtime14core_evaluator23evaluate_patlang_source0B5_
FNDA:0,_RNCNvNtCsfdX6iJdxz1r_15patlang_runtime14core_evaluator23evaluate_patlang_sources0_0B5_
FNDA:0,_RNCNvNtCsfdX6iJdxz1r_15patlang_runtime14core_evaluator23evaluate_patlang_sources1_0B5_
FNDA:0,_RNCNvNtCsfdX6iJdxz1r_15patlang_runtime14core_evaluator23evaluate_patlang_sources2_0B5_
FNDA:0,_RNCNvNtCsfdX6iJdxz1r_15patlang_runtime14core_evaluator23evaluate_patlang_sources_0B5_
FNDA:0,_RNvMs0_NtCsfdX6iJdxz1r_15patlang_runtime14core_evaluatorNtB5_13CoreEvaluator10exit_scope
FNDA:0,_RNvMs0_NtCsfdX6iJdxz1r_15patlang_runtime14core_evaluatorNtB5_13CoreEvaluator11enter_scope
FNDA:0,_RNvMs0_NtCsfdX6iJdxz1r_15patlang_runtime14core_evaluatorNtB5_13CoreEvaluator11run_closure
FNDA:0,_RNvMs0_NtCsfdX6iJdxz1r_15patlang_runtime14core_evaluatorNtB5_13CoreEvaluator12execute_node
FNDA:0,_RNvMs0_NtCsfdX6iJdxz1r_15patlang_runtime14core_evaluatorNtB5_13CoreEvaluator14check_contract
FNDA:0,_RNvMs0_NtCsfdX6iJdxz1r_15patlang_runtime14core_evaluatorNtB5_13CoreEvaluator20ensure_person_object
FNDA:0,_RNvMs0_NtCsfdX6iJdxz1r_15patlang_runtime14core_evaluatorNtB5_13CoreEvaluator20traverse_and_execute
FNDA:0,_RNvMs0_NtCsfdX6iJdxz1r_15patlang_runtime14core_evaluatorNtB5_13CoreEvaluator24resolve_identifier_value
FNDA:0,_RNvMs0_NtCsfdX6iJdxz1r_15patlang_runtime14core_evaluatorNtB5_13CoreEvaluator26check_contract_with_values
FNDA:0,_RNvMs0_NtCsfdX6iJdxz1r_15patlang_runtime14core_evaluatorNtB5_13CoreEvaluator3new
FNDA:0,_RNvMs_NtCsfdX6iJdxz1r_15patlang_runtime14core_evaluatorNtB4_16ExecutionContext10push_scope
FNDA:0,_RNvMs_NtCsfdX6iJdxz1r_15patlang_runtime14core_evaluatorNtB4_16ExecutionContext3new
FNDA:0,_RNvMs_NtCsfdX6iJdxz1r_15patlang_runtime14core_evaluatorNtB4_16ExecutionContext7get_var
FNDA:0,_RNvMs_NtCsfdX6iJdxz1r_15patlang_runtime14core_evaluatorNtB4_16ExecutionContext7set_var
FNDA:0,_RNvMs_NtCsfdX6iJdxz1r_15patlang_runtime14core_evaluatorNtB4_16ExecutionContext9pop_scope
FNDA:0,_RNvNtCsfdX6iJdxz1r_15patlang_runtime14core_evaluator12evaluate_ast
FNDA:0,_RNvNtCsfdX6iJdxz1r_15patlang_runtime14core_evaluator15expr_to_astkind
FNDA:0,_RNvNtCsfdX6iJdxz1r_15patlang_runtime14core_evaluator15stmt_to_astnode
FNDA:0,_RNvNtCsfdX6iJdxz1r_15patlang_runtime14core_evaluator23evaluate_patlang_source
FNDA:0,_RNvNvNtCsfdX6iJdxz1r_15patlang_runtime14core_evaluator15stmt_to_astnode7collect
FNDA:0,_RNvXNtCsfdX6iJdxz1r_15patlang_runtime14core_evaluatorNtB2_7AstNodeINtNtCs5cb5cxfFw7H_4core7convert4FromNtNtB4_3ast4ExprE4from
FNF:34
FNH:26
DA:72,46
DA:73,46
DA:74,46
DA:75,46
DA:102,29
DA:103,29
DA:104,29
DA:105,29
DA:106,29
DA:107,29
DA:108,29
DA:109,29
DA:110,29
DA:111,29
DA:112,29
DA:113,29
DA:114,29
DA:115,29
DA:116,29
DA:117,29
DA:118,29
DA:121,3
DA:122,3
DA:123,3
DA:124,3
DA:125,3
DA:126,3
DA:127,18
DA:128,18
DA:129,18
DA:130,18
DA:131,18
DA:132,50
DA:133,52
DA:134,52
DA:136,16
DA:137,50
DA:152,28
DA:153,28
DA:154,28
DA:155,28
DA:156,28
DA:157,28
DA:158,28
DA:159,28
DA:160,28
DA:161,28
DA:162,28
DA:163,28
DA:164,28
DA:165,28
DA:166,28
DA:167,28
DA:170,12
DA:172,12
DA:173,0
DA:174,0
DA:175,12
DA:178,12
DA:179,0
DA:180,12
DA:183,12
DA:184,12
DA:187,241
DA:192,241
DA:194,37
DA:195,30
DA:196,30
DA:198,78
DA:200,78
DA:201,78
DA:202,78
DA:203,429
DA:204,351
DA:205,0
DA:206,0
DA:207,0
DA:208,0
DA:209,0
DA:210,0
DA:211,351
DA:212,351
DA:213,351
DA:215,78
DA:217,39
DA:218,1
DA:220,38
DA:221,1
DA:223,37
DA:225,3
DA:226,1
DA:227,2
DA:228,1
DA:230,1
DA:233,34
DA:234,34
DA:236,2
DA:238,2
DA:239,5
DA:240,2
DA:241,2
DA:242,2
DA:244,2
DA:246,2
DA:247,2
DA:248,2
DA:249,2
DA:251,9
DA:253,9
DA:254,9
DA:255,9
DA:257,9
DA:258,9
DA:260,56
DA:262,56
DA:263,175
DA:265,56
DA:266,1
DA:267,55
DA:269,55
DA:271,0
DA:272,0
DA:273,0
DA:275,0
DA:276,0
DA:277,0
DA:279,0
DA:280,0
DA:281,55
DA:283,55
DA:284,40
DA:285,15
DA:288,15
DA:289,14
DA:290,14
DA:292,14
DA:293,0
DA:294,0
DA:295,0
DA:296,0
DA:297,0
DA:299,0
DA:302,14
DA:304,14
DA:305,1
DA:306,1
DA:307,1
DA:308,1
DA:309,1
DA:310,2
DA:311,1
DA:312,1
DA:313,2
DA:314,1
DA:316,1
DA:317,0
DA:318,13
DA:320,13
DA:321,1
DA:322,1
DA:323,0
DA:324,0
DA:325,0
DA:326,0
DA:327,0
DA:328,0
DA:329,0
DA:331,0
DA:332,0
DA:333,0
DA:335,1
DA:336,0
DA:337,0
DA:338,0
DA:339,0
DA:340,0
DA:341,0
DA:342,0
DA:343,0
DA:345,0
DA:346,0
DA:347,0
DA:349,1
DA:350,0
DA:351,0
DA:352,0
DA:353,0
DA:354,0
DA:355,0
DA:356,0
DA:358,0
DA:360,1
DA:361,0
DA:362,0
DA:363,0
DA:364,0
DA:365,0
DA:366,0
DA:367,0
DA:368,0
DA:370,0
DA:371,0
DA:372,0
DA:374,1
DA:375,1
DA:376,1
DA:377,1
DA:378,2
DA:379,2
DA:380,2
DA:382,0
DA:384,0
DA:385,0
DA:387,0
DA:389,12
DA:390,12
DA:392,0
DA:393,0
DA:394,0
DA:395,0
DA:396,0
DA:397,0
DA:398,0
DA:401,1
DA:402,1
DA:403,2
DA:404,1
DA:405,1
DA:408,0
DA:412,0
DA:414,0
DA:416,0
DA:417,0
DA:419,0
DA:420,0
DA:421,0
DA:423,0
DA:425,0
DA:426,0
DA:427,0
DA:429,0
DA:432,7
DA:434,7
DA:435,7
DA:438,7
DA:439,7
DA:442,7
DA:443,7
DA:445,7
DA:446,3
DA:448,3
DA:449,3
DA:450,3
DA:451,3
DA:452,0
DA:453,0
DA:454,0
DA:455,0
DA:456,0
DA:458,3
DA:460,1
DA:461,1
DA:462,1
DA:463,1
DA:464,1
DA:465,0
DA:466,0
DA:468,1
DA:470,3
DA:471,3
DA:472,3
DA:473,3
DA:474,2
DA:475,1
DA:476,0
DA:477,0
DA:478,0
DA:479,0
DA:481,3
DA:485,2
DA:486,2
DA:487,2
DA:488,2
DA:489,2
DA:491,14
DA:492,14
DA:493,77
DA:494,63
DA:496,14
DA:500,2
DA:501,3
DA:502,1
DA:504,2
DA:507,241
DA:509,2
DA:510,2
DA:511,2
DA:512,2
DA:513,2
DA:515,2
DA:516,4
DA:517,2
DA:518,2
DA:519,0
DA:520,0
DA:521,2
DA:523,0
DA:524,0
DA:525,0
DA:528,34
DA:529,34
DA:530,14
DA:532,2
DA:533,2
DA:534,2
DA:535,0
DA:536,0
DA:537,0
DA:538,0
DA:540,0
DA:544,2
DA:545,12
DA:546,12
DA:547,34
DA:549,0
DA:551,0
DA:552,0
DA:553,0
DA:554,0
DA:555,0
DA:556,0
DA:557,0
DA:559,0
DA:560,0
DA:562,0
DA:563,0
DA:564,0
DA:565,0
DA:566,0
DA:567,0
DA:568,0
DA:569,0
DA:571,0
DA:573,0
DA:574,0
DA:575,0
DA:577,56
DA:578,56
DA:579,56
DA:580,15
DA:581,13
DA:582,13
DA:583,15
DA:584,41
DA:585,78
DA:586,56
DA:587,3
DA:588,6
DA:589,6
DA:590,6
DA:591,6
DA:592,3
DA:593,0
DA:594,0
DA:596,6
DA:598,53
DA:599,55
DA:600,56
DA:603,0
DA:605,0
DA:607,0
DA:609,0
DA:628,11
DA:632,11
DA:633,11
DA:634,11
DA:635,10
DA:638,10
DA:639,10
DA:640,68
DA:641,58
DA:642,2
DA:643,56
DA:644,56
DA:645,56
DA:647,10
DA:648,10
DA:649,10
DA:650,0
DA:651,10
DA:652,10
DA:653,10
DA:654,3
DA:655,7
DA:657,10
DA:658,10
DA:659,27
DA:660,25
DA:661,8
DA:663,10
DA:664,10
DA:665,10
DA:666,10
DA:667,10
DA:668,10
DA:669,10
DA:670,11
DA:672,59
DA:673,59
DA:674,44
DA:676,15
DA:677,15
DA:678,7
DA:679,2
DA:680,2
DA:682,2
DA:683,2
DA:684,2
DA:685,2
DA:686,2
DA:687,2
DA:688,2
DA:689,0
DA:690,0
DA:691,5
DA:692,8
DA:694,13
DA:695,13
DA:696,13
DA:698,0
DA:700,0
DA:701,0
DA:702,0
DA:704,0
DA:705,0
DA:706,0
DA:707,0
DA:708,0
DA:709,0
DA:710,0
DA:711,0
DA:713,0
DA:714,0
DA:715,0
DA:716,0
DA:717,0
DA:719,0
DA:721,0
DA:722,0
DA:723,0
DA:724,0
DA:727,0
DA:728,0
DA:729,0
DA:730,0
DA:732,59
DA:735,179
DA:736,179
DA:737,19
DA:738,55
DA:739,48
DA:740,2
DA:741,3
DA:742,2
DA:744,2
DA:746,2
DA:747,2
DA:749,1
DA:751,1
DA:752,1
DA:753,0
DA:754,0
DA:756,1
DA:758,49
DA:759,49
DA:761,49
DA:762,34
DA:763,34
DA:764,10
DA:765,10
DA:766,10
DA:767,10
DA:768,10
DA:769,10
DA:770,24
DA:771,15
DA:773,39
DA:774,24
DA:775,15
DA:777,15
DA:778,15
DA:779,0
DA:780,0
DA:782,15
DA:784,0
DA:786,0
DA:787,0
DA:788,0
DA:792,85
DA:793,39
DA:795,3
DA:796,3
DA:797,3
DA:798,3
DA:799,3
DA:800,3
DA:801,3
DA:803,0
DA:805,179
DA:810,1
DA:811,1
DA:812,1
DA:813,1
DA:814,1
DA:815,1
DA:816,1
DA:817,1
DA:818,1
DA:819,1
DA:820,1
DA:821,1
DA:822,1
DA:823,1
DA:825,1
DA:826,1
BRF:0
BRH:0
LF:538
LH:360
end_of_record
SF:E:\patlang\rust-runtime\src\error_handler.rs
FN:70,_RNvMNtCs43WEgEEdnv2_15patlang_runtime13error_handlerNtB2_12RuntimeError10emit_event
FN:46,_RNvNtCs43WEgEEdnv2_15patlang_runtime13error_handler12report_error
FN:95,_RNvXs1_NtCs43WEgEEdnv2_15patlang_runtime13error_handlerNtB5_19DefaultErrorHandlerNtB5_12ErrorHandler6handle
FN:78,_RNvXs_NtCs43WEgEEdnv2_15patlang_runtime13error_handlerNtB4_12RuntimeErrorNtNtCs5cb5cxfFw7H_4core3fmt7Display3fmt
FN:52,_RINvMNtCs43WEgEEdnv2_15patlang_runtime13error_handlerNtB3_12RuntimeError3newpEB5_
FN:61,_RINvMNtCs43WEgEEdnv2_15patlang_runtime13error_handlerNtB3_12RuntimeError9propagatepEB5_
FN:52,_RINvMNtCs43WEgEEdnv2_15patlang_runtime13error_handlerNtB3_12RuntimeError3newReECsaz9j8wiICXP_13error_handler
FN:61,_RINvMNtCs43WEgEEdnv2_15patlang_runtime13error_handlerNtB3_12RuntimeError9propagateReECsaz9j8wiICXP_13error_handler
FN:52,_RINvMNtCsl0JAkcl7hlS_3pat13error_handlerNtB3_12RuntimeError3newpEB5_
FN:61,_RINvMNtCsl0JAkcl7hlS_3pat13error_handlerNtB3_12RuntimeError9propagatepEB5_
FN:70,_RNvMNtCsl0JAkcl7hlS_3pat13error_handlerNtB2_12RuntimeError10emit_event
FN:46,_RNvNtCsl0JAkcl7hlS_3pat13error_handler12report_error
FN:95,_RNvXs1_NtCsl0JAkcl7hlS_3pat13error_handlerNtB5_19DefaultErrorHandlerNtB5_12ErrorHandler6handle
FN:78,_RNvXs_NtCsl0JAkcl7hlS_3pat13error_handlerNtB4_12RuntimeErrorNtNtCs5cb5cxfFw7H_4core3fmt7Display3fmt
FN:52,_RINvMNtCs72bbnDkPA3N_3pat13error_handlerNtB3_12RuntimeError3newpEB5_
FN:61,_RINvMNtCs72bbnDkPA3N_3pat13error_handlerNtB3_12RuntimeError9propagatepEB5_
FN:70,_RNvMNtCs72bbnDkPA3N_3pat13error_handlerNtB2_12RuntimeError10emit_event
FN:46,_RNvNtCs72bbnDkPA3N_3pat13error_handler12report_error
FN:95,_RNvXs1_NtCs72bbnDkPA3N_3pat13error_handlerNtB5_19DefaultErrorHandlerNtB5_12ErrorHandler6handle
FN:78,_RNvXs_NtCs72bbnDkPA3N_3pat13error_handlerNtB4_12RuntimeErrorNtNtCs5cb5cxfFw7H_4core3fmt7Display3fmt
FN:52,_RINvMNtCsfdX6iJdxz1r_15patlang_runtime13error_handlerNtB3_12RuntimeError3newpEB5_
FN:61,_RINvMNtCsfdX6iJdxz1r_15patlang_runtime13error_handlerNtB3_12RuntimeError9propagatepEB5_
FN:70,_RNvMNtCsfdX6iJdxz1r_15patlang_runtime13error_handlerNtB2_12RuntimeError10emit_event
FN:46,_RNvNtCsfdX6iJdxz1r_15patlang_runtime13error_handler12report_error
FN:95,_RNvXs1_NtCsfdX6iJdxz1r_15patlang_runtime13error_handlerNtB5_19DefaultErrorHandlerNtB5_12ErrorHandler6handle
FN:78,_RNvXs_NtCsfdX6iJdxz1r_15patlang_runtime13error_handlerNtB4_12RuntimeErrorNtNtCs5cb5cxfFw7H_4core3fmt7Display3fmt
FN:52,_RINvMNtCs43WEgEEdnv2_15patlang_runtime13error_handlerNtB3_12RuntimeError3newReECs2i5cwlktS3N_31secure_distributed_code_support
FNDA:1,_RNvMNtCs43WEgEEdnv2_15patlang_runtime13error_handlerNtB2_12RuntimeError10emit_event
FNDA:0,_RNvNtCs43WEgEEdnv2_15patlang_runtime13error_handler12report_error
FNDA:0,_RNvXs1_NtCs43WEgEEdnv2_15patlang_runtime13error_handlerNtB5_19DefaultErrorHandlerNtB5_12ErrorHandler6handle
FNDA:1,_RNvXs_NtCs43WEgEEdnv2_15patlang_runtime13error_handlerNtB4_12RuntimeErrorNtNtCs5cb5cxfFw7H_4core3fmt7Display3fmt
FNDA:0,_RINvMNtCs43WEgEEdnv2_15patlang_runtime13error_handlerNtB3_12RuntimeError3newpEB5_
FNDA:0,_RINvMNtCs43WEgEEdnv2_15patlang_runtime13error_handlerNtB3_12RuntimeError9propagatepEB5_
FNDA:4,_RINvMNtCs43WEgEEdnv2_15patlang_runtime13error_handlerNtB3_12RuntimeError3newReECsaz9j8wiICXP_13error_handler
FNDA:1,_RINvMNtCs43WEgEEdnv2_15patlang_runtime13error_handlerNtB3_12RuntimeError9propagateReECsaz9j8wiICXP_13error_handler
FNDA:0,_RINvMNtCsl0JAkcl7hlS_3pat13error_handlerNtB3_12RuntimeError3newpEB5_
FNDA:0,_RINvMNtCsl0JAkcl7hlS_3pat13error_handlerNtB3_12RuntimeError9propagatepEB5_
FNDA:0,_RNvMNtCsl0JAkcl7hlS_3pat13error_handlerNtB2_12RuntimeError10emit_event
FNDA:0,_RNvNtCsl0JAkcl7hlS_3pat13error_handler12report_error
FNDA:0,_RNvXs1_NtCsl0JAkcl7hlS_3pat13error_handlerNtB5_19DefaultErrorHandlerNtB5_12ErrorHandler6handle
FNDA:0,_RNvXs_NtCsl0JAkcl7hlS_3pat13error_handlerNtB4_12RuntimeErrorNtNtCs5cb5cxfFw7H_4core3fmt7Display3fmt
FNDA:0,_RINvMNtCs72bbnDkPA3N_3pat13error_handlerNtB3_12RuntimeError3newpEB5_
FNDA:0,_RINvMNtCs72bbnDkPA3N_3pat13error_handlerNtB3_12RuntimeError9propagatepEB5_
FNDA:0,_RNvMNtCs72bbnDkPA3N_3pat13error_handlerNtB2_12RuntimeError10emit_event
FNDA:0,_RNvNtCs72bbnDkPA3N_3pat13error_handler12report_error
FNDA:0,_RNvXs1_NtCs72bbnDkPA3N_3pat13error_handlerNtB5_19DefaultErrorHandlerNtB5_12ErrorHandler6handle
FNDA:0,_RNvXs_NtCs72bbnDkPA3N_3pat13error_handlerNtB4_12RuntimeErrorNtNtCs5cb5cxfFw7H_4core3fmt7Display3fmt
FNDA:0,_RINvMNtCsfdX6iJdxz1r_15patlang_runtime13error_handlerNtB3_12RuntimeError3newpEB5_
FNDA:0,_RINvMNtCsfdX6iJdxz1r_15patlang_runtime13error_handlerNtB3_12RuntimeError9propagatepEB5_
FNDA:0,_RNvMNtCsfdX6iJdxz1r_15patlang_runtime13error_handlerNtB2_12RuntimeError10emit_event
FNDA:0,_RNvNtCsfdX6iJdxz1r_15patlang_runtime13error_handler12report_error
FNDA:0,_RNvXs1_NtCsfdX6iJdxz1r_15patlang_runtime13error_handlerNtB5_19DefaultErrorHandlerNtB5_12ErrorHandler6handle
FNDA:0,_RNvXs_NtCsfdX6iJdxz1r_15patlang_runtime13error_handlerNtB4_12RuntimeErrorNtNtCs5cb5cxfFw7H_4core3fmt7Display3fmt
FNDA:1,_RINvMNtCs43WEgEEdnv2_15patlang_runtime13error_handlerNtB3_12RuntimeError3newReECs2i5cwlktS3N_31secure_distributed_code_support
FNF:6
FNH:4
DA:46,0
DA:47,0
DA:48,0
DA:52,5
DA:53,5
DA:54,5
DA:55,5
DA:56,5
DA:57,5
DA:58,5
DA:61,1
DA:62,1
DA:63,1
DA:64,1
DA:65,1
DA:66,1
DA:67,1
DA:70,1
DA:74,1
DA:78,1
DA:79,1
DA:80,1
DA:95,0
DA:97,0
DA:98,0
DA:99,0
BRF:0
BRH:0
LF:26
LH:19
end_of_record
SF:E:\patlang\rust-runtime\src\event_system.rs
FN:37,_RNvMNtCs43WEgEEdnv2_15patlang_runtime12event_systemNtB2_11EventSystem16register_handler
FN:30,_RNvMNtCs43WEgEEdnv2_15patlang_runtime12event_systemNtB2_11EventSystem3new
FN:42,_RNvMNtCs43WEgEEdnv2_15patlang_runtime12event_systemNtB2_11EventSystem4emit
FN:37,_RNvMNtCsl0JAkcl7hlS_3pat12event_systemNtB2_11EventSystem16register_handler
FN:30,_RNvMNtCsl0JAkcl7hlS_3pat12event_systemNtB2_11EventSystem3new
FN:42,_RNvMNtCsl0JAkcl7hlS_3pat12event_systemNtB2_11EventSystem4emit
FN:37,_RNvMNtCs72bbnDkPA3N_3pat12event_systemNtB2_11EventSystem16register_handler
FN:30,_RNvMNtCs72bbnDkPA3N_3pat12event_systemNtB2_11EventSystem3new
FN:42,_RNvMNtCs72bbnDkPA3N_3pat12event_systemNtB2_11EventSystem4emit
FN:37,_RNvMNtCsfdX6iJdxz1r_15patlang_runtime12event_systemNtB2_11EventSystem16register_handler
FN:30,_RNvMNtCsfdX6iJdxz1r_15patlang_runtime12event_systemNtB2_11EventSystem3new
FN:42,_RNvMNtCsfdX6iJdxz1r_15patlang_runtime12event_systemNtB2_11EventSystem4emit
FNDA:1,_RNvMNtCs43WEgEEdnv2_15patlang_runtime12event_systemNtB2_11EventSystem16register_handler
FNDA:4,_RNvMNtCs43WEgEEdnv2_15patlang_runtime12event_systemNtB2_11EventSystem3new
FNDA:2,_RNvMNtCs43WEgEEdnv2_15patlang_runtime12event_systemNtB2_11EventSystem4emit
FNDA:0,_RNvMNtCsl0JAkcl7hlS_3pat12event_systemNtB2_11EventSystem16register_handler
FNDA:0,_RNvMNtCsl0JAkcl7hlS_3pat12event_systemNtB2_11EventSystem3new
FNDA:0,_RNvMNtCsl0JAkcl7hlS_3pat12event_systemNtB2_11EventSystem4emit
FNDA:0,_RNvMNtCs72bbnDkPA3N_3pat12event_systemNtB2_11EventSystem16register_handler
FNDA:0,_RNvMNtCs72bbnDkPA3N_3pat12event_systemNtB2_11EventSystem3new
FNDA:0,_RNvMNtCs72bbnDkPA3N_3pat12event_systemNtB2_11EventSystem4emit
FNDA:0,_RNvMNtCsfdX6iJdxz1r_15patlang_runtime12event_systemNtB2_11EventSystem16register_handler
FNDA:0,_RNvMNtCsfdX6iJdxz1r_15patlang_runtime12event_systemNtB2_11EventSystem3new
FNDA:0,_RNvMNtCsfdX6iJdxz1r_15patlang_runtime12event_systemNtB2_11EventSystem4emit
FNF:3
FNH:3
DA:30,4
DA:31,4
DA:32,4
DA:33,4
DA:34,4
DA:37,1
DA:38,1
DA:39,1
DA:42,2
DA:43,3
DA:44,1
DA:45,1
DA:46,2
BRF:0
BRH:0
LF:13
LH:13
end_of_record
SF:E:\patlang\rust-runtime\src\function.rs
FN:11,_RNvNtCs43WEgEEdnv2_15patlang_runtime8function13call_function
FN:11,_RNvNtCsfdX6iJdxz1r_15patlang_runtime8function13call_function
FNDA:2,_RNvNtCs43WEgEEdnv2_15patlang_runtime8function13call_function
FNDA:0,_RNvNtCsfdX6iJdxz1r_15patlang_runtime8function13call_function
FNF:1
FNH:1
DA:11,2
DA:13,2
DA:14,2
BRF:0
BRH:0
LF:3
LH:3
end_of_record
SF:E:\patlang\rust-runtime\src\goal_system.rs
FN:123,_RNvMNtCs43WEgEEdnv2_15patlang_runtime11goal_systemNtB2_10GoalSystem10list_goals
FN:101,_RNvMNtCs43WEgEEdnv2_15patlang_runtime11goal_systemNtB2_10GoalSystem11pursue_goal
FN:88,_RNvMNtCs43WEgEEdnv2_15patlang_runtime11goal_systemNtB2_10GoalSystem12declare_goal
FN:118,_RNvMNtCs43WEgEEdnv2_15patlang_runtime11goal_systemNtB2_10GoalSystem15get_goal_status
FN:83,_RNvMNtCs43WEgEEdnv2_15patlang_runtime11goal_systemNtB2_10GoalSystem17register_listener
FN:69,_RNvMNtCs43WEgEEdnv2_15patlang_runtime11goal_systemNtB2_10GoalSystem3new
FN:119,_RNCNvMNtCs43WEgEEdnv2_15patlang_runtime11goal_systemNtB4_10GoalSystem15get_goal_status0B6_
FN:43,_RNvYpNtNtCs43WEgEEdnv2_15patlang_runtime11goal_system17GoalEventListener14on_goal_failedB7_
FN:41,_RNvYpNtNtCs43WEgEEdnv2_15patlang_runtime11goal_system17GoalEventListener15on_goal_pursuedB7_
FN:40,_RNvYpNtNtCs43WEgEEdnv2_15patlang_runtime11goal_system17GoalEventListener16on_goal_declaredB7_
FN:42,_RNvYpNtNtCs43WEgEEdnv2_15patlang_runtime11goal_system17GoalEventListener17on_goal_completedB7_
FN:43,_RNvYNtCskdIMlDjkBpY_11goal_system12TestListenerNtNtCs43WEgEEdnv2_15patlang_runtime11goal_system17GoalEventListener14on_goal_failedB4_
FN:42,_RNvYNtCskdIMlDjkBpY_11goal_system12TestListenerNtNtCs43WEgEEdnv2_15patlang_runtime11goal_system17GoalEventListener17on_goal_completedB4_
FN:119,_RNCNvMNtCsfdX6iJdxz1r_15patlang_runtime11goal_systemNtB4_10GoalSystem15get_goal_status0B6_
FN:123,_RNvMNtCsfdX6iJdxz1r_15patlang_runtime11goal_systemNtB2_10GoalSystem10list_goals
FN:101,_RNvMNtCsfdX6iJdxz1r_15patlang_runtime11goal_systemNtB2_10GoalSystem11pursue_goal
FN:88,_RNvMNtCsfdX6iJdxz1r_15patlang_runtime11goal_systemNtB2_10GoalSystem12declare_goal
FN:118,_RNvMNtCsfdX6iJdxz1r_15patlang_runtime11goal_systemNtB2_10GoalSystem15get_goal_status
FN:83,_RNvMNtCsfdX6iJdxz1r_15patlang_runtime11goal_systemNtB2_10GoalSystem17register_listener
FN:69,_RNvMNtCsfdX6iJdxz1r_15patlang_runtime11goal_systemNtB2_10GoalSystem3new
FN:43,_RNvYpNtNtCsfdX6iJdxz1r_15patlang_runtime11goal_system17GoalEventListener14on_goal_failedB7_
FN:41,_RNvYpNtNtCsfdX6iJdxz1r_15patlang_runtime11goal_system17GoalEventListener15on_goal_pursuedB7_
FN:40,_RNvYpNtNtCsfdX6iJdxz1r_15patlang_runtime11goal_system17GoalEventListener16on_goal_declaredB7_
FN:42,_RNvYpNtNtCsfdX6iJdxz1r_15patlang_runtime11goal_system17GoalEventListener17on_goal_completedB7_
FNDA:0,_RNvMNtCs43WEgEEdnv2_15patlang_runtime11goal_systemNtB2_10GoalSystem10list_goals
FNDA:2,_RNvMNtCs43WEgEEdnv2_15patlang_runtime11goal_systemNtB2_10GoalSystem11pursue_goal
FNDA:2,_RNvMNtCs43WEgEEdnv2_15patlang_runtime11goal_systemNtB2_10GoalSystem12declare_goal
FNDA:2,_RNvMNtCs43WEgEEdnv2_15patlang_runtime11goal_systemNtB2_10GoalSystem15get_goal_status
FNDA:1,_RNvMNtCs43WEgEEdnv2_15patlang_runtime11goal_systemNtB2_10GoalSystem17register_listener
FNDA:2,_RNvMNtCs43WEgEEdnv2_15patlang_runtime11goal_systemNtB2_10GoalSystem3new
FNDA:2,_RNCNvMNtCs43WEgEEdnv2_15patlang_runtime11goal_systemNtB4_10GoalSystem15get_goal_status0B6_
FNDA:0,_RNvYpNtNtCs43WEgEEdnv2_15patlang_runtime11goal_system17GoalEventListener14on_goal_failedB7_
FNDA:0,_RNvYpNtNtCs43WEgEEdnv2_15patlang_runtime11goal_system17GoalEventListener15on_goal_pursuedB7_
FNDA:0,_RNvYpNtNtCs43WEgEEdnv2_15patlang_runtime11goal_system17GoalEventListener16on_goal_declaredB7_
FNDA:0,_RNvYpNtNtCs43WEgEEdnv2_15patlang_runtime11goal_system17GoalEventListener17on_goal_completedB7_
FNDA:0,_RNvYNtCskdIMlDjkBpY_11goal_system12TestListenerNtNtCs43WEgEEdnv2_15patlang_runtime11goal_system17GoalEventListener14on_goal_failedB4_
FNDA:1,_RNvYNtCskdIMlDjkBpY_11goal_system12TestListenerNtNtCs43WEgEEdnv2_15patlang_runtime11goal_system17GoalEventListener17on_goal_completedB4_
FNDA:0,_RNCNvMNtCsfdX6iJdxz1r_15patlang_runtime11goal_systemNtB4_10GoalSystem15get_goal_status0B6_
FNDA:0,_RNvMNtCsfdX6iJdxz1r_15patlang_runtime11goal_systemNtB2_10GoalSystem10list_goals
FNDA:0,_RNvMNtCsfdX6iJdxz1r_15patlang_runtime11goal_systemNtB2_10GoalSystem11pursue_goal
FNDA:0,_RNvMNtCsfdX6iJdxz1r_15patlang_runtime11goal_systemNtB2_10GoalSystem12declare_goal
FNDA:0,_RNvMNtCsfdX6iJdxz1r_15patlang_runtime11goal_systemNtB2_10GoalSystem15get_goal_status
FNDA:0,_RNvMNtCsfdX6iJdxz1r_15patlang_runtime11goal_systemNtB2_10GoalSystem17register_listener
FNDA:0,_RNvMNtCsfdX6iJdxz1r_15patlang_runtime11goal_systemNtB2_10GoalSystem3new
FNDA:0,_RNvYpNtNtCsfdX6iJdxz1r_15patlang_runtime11goal_system17GoalEventListener14on_goal_failedB7_
FNDA:0,_RNvYpNtNtCsfdX6iJdxz1r_15patlang_runtime11goal_system17GoalEventListener15on_goal_pursuedB7_
FNDA:0,_RNvYpNtNtCsfdX6iJdxz1r_15patlang_runtime11goal_system17GoalEventListener16on_goal_declaredB7_
FNDA:0,_RNvYpNtNtCsfdX6iJdxz1r_15patlang_runtime11goal_system17GoalEventListener17on_goal_completedB7_
FNF:11
FNH:7
DA:40,0
DA:41,0
DA:42,1
DA:43,0
DA:69,2
DA:70,2
DA:71,2
DA:72,2
DA:73,2
DA:74,2
DA:75,2
DA:76,2
DA:77,2
DA:78,2
DA:79,2
DA:80,2
DA:83,1
DA:84,1
DA:85,1
DA:88,2
DA:89,2
DA:90,2
DA:91,2
DA:92,2
DA:93,2
DA:94,2
DA:95,2
DA:96,1
DA:97,1
DA:98,2
DA:101,2
DA:102,2
DA:103,2
DA:104,2
DA:105,2
DA:106,1
DA:107,1
DA:110,2
DA:111,2
DA:112,1
DA:113,1
DA:114,0
DA:115,2
DA:118,2
DA:119,2
DA:120,2
DA:123,0
DA:124,0
DA:125,0
BRF:0
BRH:0
LF:50
LH:43
end_of_record
SF:E:\patlang\rust-runtime\src\inferencing_engine.rs
FN:65,_RNvMNtCs43WEgEEdnv2_15patlang_runtime18inferencing_engineNtB2_17InferencingEngine17register_strategy
FN:59,_RNvMNtCs43WEgEEdnv2_15patlang_runtime18inferencing_engineNtB2_17InferencingEngine18distributed_reason
FN:24,_RNvMNtCs43WEgEEdnv2_15patlang_runtime18inferencing_engineNtB2_17InferencingEngine3new
FN:38,_RNvMNtCs43WEgEEdnv2_15patlang_runtime18inferencing_engineNtB2_17InferencingEngine5infer
FN:49,_RNvMNtCs43WEgEEdnv2_15patlang_runtime18inferencing_engineNtB2_17InferencingEngine5unify
FN:128,_RNvMs0_NtCs43WEgEEdnv2_15patlang_runtime18inferencing_engineNtB5_15InferenceResult5error
FN:143,_RNvMs1_NtCs43WEgEEdnv2_15patlang_runtime18inferencing_engineNtB5_17UnificationResult10is_failure
FN:140,_RNvMs1_NtCs43WEgEEdnv2_15patlang_runtime18inferencing_engineNtB5_17UnificationResult10is_success
FN:139,_RNvMs1_NtCs43WEgEEdnv2_15patlang_runtime18inferencing_engineNtB5_17UnificationResult7failure
FN:138,_RNvMs1_NtCs43WEgEEdnv2_15patlang_runtime18inferencing_engineNtB5_17UnificationResult7success
FN:151,_RNvMs2_NtCs43WEgEEdnv2_15patlang_runtime18inferencing_engineNtB5_26DistributedReasoningResult15not_implemented
FN:153,_RNvMs2_NtCs43WEgEEdnv2_15patlang_runtime18inferencing_engineNtB5_26DistributedReasoningResult18is_not_implemented
FN:116,_RNvXs_NtCs43WEgEEdnv2_15patlang_runtime18inferencing_engineNtB4_4GoalNtNtCs5cb5cxfFw7H_4core7default7Default7default
FN:65,_RNvMNtCsfdX6iJdxz1r_15patlang_runtime18inferencing_engineNtB2_17InferencingEngine17register_strategy
FN:59,_RNvMNtCsfdX6iJdxz1r_15patlang_runtime18inferencing_engineNtB2_17InferencingEngine18distributed_reason
FN:24,_RNvMNtCsfdX6iJdxz1r_15patlang_runtime18inferencing_engineNtB2_17InferencingEngine3new
FN:38,_RNvMNtCsfdX6iJdxz1r_15patlang_runtime18inferencing_engineNtB2_17InferencingEngine5infer
FN:49,_RNvMNtCsfdX6iJdxz1r_15patlang_runtime18inferencing_engineNtB2_17InferencingEngine5unify
FN:128,_RNvMs0_NtCsfdX6iJdxz1r_15patlang_runtime18inferencing_engineNtB5_15InferenceResult5error
FN:143,_RNvMs1_NtCsfdX6iJdxz1r_15patlang_runtime18inferencing_engineNtB5_17UnificationResult10is_failure
FN:140,_RNvMs1_NtCsfdX6iJdxz1r_15patlang_runtime18inferencing_engineNtB5_17UnificationResult10is_success
FN:139,_RNvMs1_NtCsfdX6iJdxz1r_15patlang_runtime18inferencing_engineNtB5_17UnificationResult7failure
FN:138,_RNvMs1_NtCsfdX6iJdxz1r_15patlang_runtime18inferencing_engineNtB5_17UnificationResult7success
FN:151,_RNvMs2_NtCsfdX6iJdxz1r_15patlang_runtime18inferencing_engineNtB5_26DistributedReasoningResult15not_implemented
FN:153,_RNvMs2_NtCsfdX6iJdxz1r_15patlang_runtime18inferencing_engineNtB5_26DistributedReasoningResult18is_not_implemented
FN:116,_RNvXs_NtCsfdX6iJdxz1r_15patlang_runtime18inferencing_engineNtB4_4GoalNtNtCs5cb5cxfFw7H_4core7default7Default7default
FNDA:0,_RNvMNtCs43WEgEEdnv2_15patlang_runtime18inferencing_engineNtB2_17InferencingEngine17register_strategy
FNDA:1,_RNvMNtCs43WEgEEdnv2_15patlang_runtime18inferencing_engineNtB2_17InferencingEngine18distributed_reason
FNDA:3,_RNvMNtCs43WEgEEdnv2_15patlang_runtime18inferencing_engineNtB2_17InferencingEngine3new
FNDA:0,_RNvMNtCs43WEgEEdnv2_15patlang_runtime18inferencing_engineNtB2_17InferencingEngine5infer
FNDA:2,_RNvMNtCs43WEgEEdnv2_15patlang_runtime18inferencing_engineNtB2_17InferencingEngine5unify
FNDA:0,_RNvMs0_NtCs43WEgEEdnv2_15patlang_runtime18inferencing_engineNtB5_15InferenceResult5error
FNDA:1,_RNvMs1_NtCs43WEgEEdnv2_15patlang_runtime18inferencing_engineNtB5_17UnificationResult10is_failure
FNDA:1,_RNvMs1_NtCs43WEgEEdnv2_15patlang_runtime18inferencing_engineNtB5_17UnificationResult10is_success
FNDA:1,_RNvMs1_NtCs43WEgEEdnv2_15patlang_runtime18inferencing_engineNtB5_17UnificationResult7failure
FNDA:1,_RNvMs1_NtCs43WEgEEdnv2_15patlang_runtime18inferencing_engineNtB5_17UnificationResult7success
FNDA:1,_RNvMs2_NtCs43WEgEEdnv2_15patlang_runtime18inferencing_engineNtB5_26DistributedReasoningResult15not_implemented
FNDA:1,_RNvMs2_NtCs43WEgEEdnv2_15patlang_runtime18inferencing_engineNtB5_26DistributedReasoningResult18is_not_implemented
FNDA:1,_RNvXs_NtCs43WEgEEdnv2_15patlang_runtime18inferencing_engineNtB4_4GoalNtNtCs5cb5cxfFw7H_4core7default7Default7default
FNDA:0,_RNvMNtCsfdX6iJdxz1r_15patlang_runtime18inferencing_engineNtB2_17InferencingEngine17register_strategy
FNDA:0,_RNvMNtCsfdX6iJdxz1r_15patlang_runtime18inferencing_engineNtB2_17InferencingEngine18distributed_reason
FNDA:0,_RNvMNtCsfdX6iJdxz1r_15patlang_runtime18inferencing_engineNtB2_17InferencingEngine3new
FNDA:0,_RNvMNtCsfdX6iJdxz1r_15patlang_runtime18inferencing_engineNtB2_17InferencingEngine5infer
FNDA:0,_RNvMNtCsfdX6iJdxz1r_15patlang_runtime18inferencing_engineNtB2_17InferencingEngine5unify
FNDA:0,_RNvMs0_NtCsfdX6iJdxz1r_15patlang_runtime18inferencing_engineNtB5_15InferenceResult5error
FNDA:0,_RNvMs1_NtCsfdX6iJdxz1r_15patlang_runtime18inferencing_engineNtB5_17UnificationResult10is_failure
FNDA:0,_RNvMs1_NtCsfdX6iJdxz1r_15patlang_runtime18inferencing_engineNtB5_17UnificationResult10is_success
FNDA:0,_RNvMs1_NtCsfdX6iJdxz1r_15patlang_runtime18inferencing_engineNtB5_17UnificationResult7failure
FNDA:0,_RNvMs1_NtCsfdX6iJdxz1r_15patlang_runtime18inferencing_engineNtB5_17UnificationResult7success
FNDA:0,_RNvMs2_NtCsfdX6iJdxz1r_15patlang_runtime18inferencing_engineNtB5_26DistributedReasoningResult15not_implemented
FNDA:0,_RNvMs2_NtCsfdX6iJdxz1r_15patlang_runtime18inferencing_engineNtB5_26DistributedReasoningResult18is_not_implemented
FNDA:0,_RNvXs_NtCsfdX6iJdxz1r_15patlang_runtime18inferencing_engineNtB4_4GoalNtNtCs5cb5cxfFw7H_4core7default7Default7default
FNF:13
FNH:10
DA:24,3
DA:25,3
DA:26,3
DA:27,3
DA:28,3
DA:29,3
DA:30,3
DA:31,3
DA:32,3
DA:33,3
DA:34,3
DA:35,3
DA:38,0
DA:40,0
DA:41,0
DA:42,0
DA:44,0
DA:46,0
DA:49,2
DA:51,2
DA:52,1
DA:54,1
DA:56,2
DA:59,1
DA:61,1
DA:62,1
DA:65,0
DA:67,0
DA:116,1
DA:117,1
DA:118,1
DA:128,0
DA:129,0
DA:130,0
DA:138,1
DA:139,1
DA:140,1
DA:141,1
DA:142,1
DA:143,1
DA:144,1
DA:145,1
DA:151,1
DA:153,1
DA:154,1
DA:155,1
BRF:0
BRH:0
LF:46
LH:35
end_of_record
SF:E:\patlang\rust-runtime\src\lexer.rs
FN:69,_RNvMNtCs43WEgEEdnv2_15patlang_runtime5lexerNtB2_5Lexer10next_token
FN:64,_RNvMNtCs43WEgEEdnv2_15patlang_runtime5lexerNtB2_5Lexer3new
FN:69,_RNvMNtCsfdX6iJdxz1r_15patlang_runtime5lexerNtB2_5Lexer10next_token
FN:64,_RNvMNtCsfdX6iJdxz1r_15patlang_runtime5lexerNtB2_5Lexer3new
FNDA:793,_RNvMNtCs43WEgEEdnv2_15patlang_runtime5lexerNtB2_5Lexer10next_token
FNDA:36,_RNvMNtCs43WEgEEdnv2_15patlang_runtime5lexerNtB2_5Lexer3new
FNDA:0,_RNvMNtCsfdX6iJdxz1r_15patlang_runtime5lexerNtB2_5Lexer10next_token
FNDA:0,_RNvMNtCsfdX6iJdxz1r_15patlang_runtime5lexerNtB2_5Lexer3new
FNF:2
FNH:2
DA:64,36
DA:65,36
DA:66,36
DA:67,36
DA:69,793
DA:70,793
DA:71,793
DA:72,1215
DA:73,1157
DA:74,1157
DA:77,1157
DA:78,23
DA:79,23
DA:80,1134
DA:82,1134
DA:83,0
DA:84,0
DA:85,1134
DA:87,1134
DA:88,4
DA:89,0
DA:90,0
DA:92,4
DA:93,4
DA:95,1130
DA:97,1130
DA:98,2
DA:99,2
DA:100,1128
DA:101,1128
DA:102,2
DA:103,2
DA:104,1126
DA:106,1126
DA:107,130
DA:108,130
DA:109,130
DA:110,996
DA:112,996
DA:113,398
DA:114,398
DA:115,598
DA:117,598
DA:118,1023
DA:119,999
DA:120,999
DA:121,24
DA:122,574
DA:124,574
DA:125,56
DA:126,125
DA:127,69
DA:128,69
DA:129,56
DA:130,56
DA:131,56
DA:132,56
DA:133,518
DA:135,518
DA:136,213
DA:137,213
DA:138,763
DA:139,759
DA:140,759
DA:141,550
DA:142,550
DA:143,209
DA:146,213
DA:147,213
DA:148,213
DA:149,213
DA:150,179
DA:151,177
DA:152,172
DA:153,171
DA:154,170
DA:155,170
DA:156,168
DA:157,168
DA:158,168
DA:159,168
DA:160,168
DA:161,168
DA:162,156
DA:164,305
DA:166,305
DA:167,7
DA:168,7
DA:169,298
DA:170,298
DA:171,7
DA:172,7
DA:173,291
DA:175,291
DA:176,59
DA:177,59
DA:178,349
DA:179,290
DA:180,290
DA:181,290
DA:182,59
DA:183,59
DA:184,58
DA:185,58
DA:186,58
DA:188,1
DA:190,232
DA:192,232
DA:193,232
DA:194,7
DA:195,0
DA:196,2
DA:197,1
DA:198,0
DA:199,60
DA:200,59
DA:201,56
DA:202,4
DA:205,37
DA:206,3
DA:207,3
DA:209,34
DA:214,3
DA:215,1
DA:216,1
DA:218,2
DA:223,3
DA:224,2
DA:225,2
DA:227,1
DA:230,0
DA:232,232
DA:233,232
DA:235,58
DA:236,58
DA:237,793
BRF:0
BRH:0
LF:136
LH:129
end_of_record
SF:E:\patlang\rust-runtime\src\logic_engine.rs
FN:33,_RNvMNtCs43WEgEEdnv2_15patlang_runtime12logic_engineNtB2_12Substitution3new
FN:37,_RNvMNtCs43WEgEEdnv2_15patlang_runtime12logic_engineNtB2_12Substitution5apply
FN:44,_RNvMNtCs43WEgEEdnv2_15patlang_runtime12logic_engineNtB2_12Substitution6extend
FN:55,_RNvMs_NtCs43WEgEEdnv2_15patlang_runtime12logic_engineNtB4_11LogicEngine3new
FN:70,_RNvMs_NtCs43WEgEEdnv2_15patlang_runtime12logic_engineNtB4_11LogicEngine5query
FN:62,_RNvMs_NtCs43WEgEEdnv2_15patlang_runtime12logic_engineNtB4_11LogicEngine8add_fact
FN:66,_RNvMs_NtCs43WEgEEdnv2_15patlang_runtime12logic_engineNtB4_11LogicEngine8add_rule
FN:85,_RNvNtCs43WEgEEdnv2_15patlang_runtime12logic_engine10unify_args
FN:96,_RNvNtCs43WEgEEdnv2_15patlang_runtime12logic_engine11unify_terms
FN:33,_RNvMNtCsfdX6iJdxz1r_15patlang_runtime12logic_engineNtB2_12Substitution3new
FN:37,_RNvMNtCsfdX6iJdxz1r_15patlang_runtime12logic_engineNtB2_12Substitution5apply
FN:44,_RNvMNtCsfdX6iJdxz1r_15patlang_runtime12logic_engineNtB2_12Substitution6extend
FN:55,_RNvMs_NtCsfdX6iJdxz1r_15patlang_runtime12logic_engineNtB4_11LogicEngine3new
FN:70,_RNvMs_NtCsfdX6iJdxz1r_15patlang_runtime12logic_engineNtB4_11LogicEngine5query
FN:62,_RNvMs_NtCsfdX6iJdxz1r_15patlang_runtime12logic_engineNtB4_11LogicEngine8add_fact
FN:66,_RNvMs_NtCsfdX6iJdxz1r_15patlang_runtime12logic_engineNtB4_11LogicEngine8add_rule
FN:85,_RNvNtCsfdX6iJdxz1r_15patlang_runtime12logic_engine10unify_args
FN:96,_RNvNtCsfdX6iJdxz1r_15patlang_runtime12logic_engine11unify_terms
FNDA:17,_RNvMNtCs43WEgEEdnv2_15patlang_runtime12logic_engineNtB2_12Substitution3new
FNDA:0,_RNvMNtCs43WEgEEdnv2_15patlang_runtime12logic_engineNtB2_12Substitution5apply
FNDA:11,_RNvMNtCs43WEgEEdnv2_15patlang_runtime12logic_engineNtB2_12Substitution6extend
FNDA:30,_RNvMs_NtCs43WEgEEdnv2_15patlang_runtime12logic_engineNtB4_11LogicEngine3new
FNDA:9,_RNvMs_NtCs43WEgEEdnv2_15patlang_runtime12logic_engineNtB4_11LogicEngine5query
FNDA:7,_RNvMs_NtCs43WEgEEdnv2_15patlang_runtime12logic_engineNtB4_11LogicEngine8add_fact
FNDA:0,_RNvMs_NtCs43WEgEEdnv2_15patlang_runtime12logic_engineNtB4_11LogicEngine8add_rule
FNDA:17,_RNvNtCs43WEgEEdnv2_15patlang_runtime12logic_engine10unify_args
FNDA:28,_RNvNtCs43WEgEEdnv2_15patlang_runtime12logic_engine11unify_terms
FNDA:0,_RNvMNtCsfdX6iJdxz1r_15patlang_runtime12logic_engineNtB2_12Substitution3new
FNDA:0,_RNvMNtCsfdX6iJdxz1r_15patlang_runtime12logic_engineNtB2_12Substitution5apply
FNDA:0,_RNvMNtCsfdX6iJdxz1r_15patlang_runtime12logic_engineNtB2_12Substitution6extend
FNDA:0,_RNvMs_NtCsfdX6iJdxz1r_15patlang_runtime12logic_engineNtB4_11LogicEngine3new
FNDA:0,_RNvMs_NtCsfdX6iJdxz1r_15patlang_runtime12logic_engineNtB4_11LogicEngine5query
FNDA:0,_RNvMs_NtCsfdX6iJdxz1r_15patlang_runtime12logic_engineNtB4_11LogicEngine8add_fact
FNDA:0,_RNvMs_NtCsfdX6iJdxz1r_15patlang_runtime12logic_engineNtB4_11LogicEngine8add_rule
FNDA:0,_RNvNtCsfdX6iJdxz1r_15patlang_runtime12logic_engine10unify_args
FNDA:0,_RNvNtCsfdX6iJdxz1r_15patlang_runtime12logic_engine11unify_terms
FNF:9
FNH:7
DA:33,17
DA:34,17
DA:35,17
DA:37,0
DA:38,0
DA:39,0
DA:40,0
DA:42,0
DA:44,11
DA:45,11
DA:46,11
DA:55,30
DA:56,30
DA:57,30
DA:58,30
DA:59,30
DA:60,30
DA:62,7
DA:63,7
DA:64,7
DA:66,0
DA:67,0
DA:68,0
DA:70,9
DA:71,9
DA:72,26
DA:73,17
DA:74,17
DA:75,9
DA:76,9
DA:77,0
DA:80,9
DA:81,9
DA:85,17
DA:86,17
DA:87,28
DA:88,28
DA:89,8
DA:90,20
DA:92,9
DA:93,17
DA:96,28
DA:97,28
DA:98,17
DA:99,11
DA:100,11
DA:101,11
DA:104,28
BRF:0
BRH:0
LF:48
LH:39
end_of_record
SF:E:\patlang\rust-runtime\src\main.rs
FN:30,_RNCNvCsl0JAkcl7hlS_3pat4main0B3_
FN:31,_RNCNvCsl0JAkcl7hlS_3pat4mains_0B3_
FN:12,_RNvCsl0JAkcl7hlS_3pat4main
FN:30,_RNCNvCs72bbnDkPA3N_3pat4main0B3_
FN:31,_RNCNvCs72bbnDkPA3N_3pat4mains_0B3_
FN:12,_RNvCs72bbnDkPA3N_3pat4main
FNDA:0,_RNCNvCsl0JAkcl7hlS_3pat4main0B3_
FNDA:0,_RNCNvCsl0JAkcl7hlS_3pat4mains_0B3_
FNDA:0,_RNvCsl0JAkcl7hlS_3pat4main
FNDA:0,_RNCNvCs72bbnDkPA3N_3pat4main0B3_
FNDA:0,_RNCNvCs72bbnDkPA3N_3pat4mains_0B3_
FNDA:0,_RNvCs72bbnDkPA3N_3pat4main
FNF:3
FNH:0
DA:12,0
DA:13,0
DA:14,0
DA:15,0
DA:16,0
DA:17,0
DA:18,0
DA:19,0
DA:20,0
DA:21,0
DA:22,0
DA:23,0
DA:26,0
DA:27,0
DA:28,0
DA:30,0
DA:31,0
DA:32,0
DA:33,0
DA:34,0
DA:35,0
DA:36,0
DA:38,0
DA:39,0
DA:40,0
DA:43,0
BRF:0
BRH:0
LF:28
LH:0
end_of_record
SF:E:\patlang\rust-runtime\src\memory_manager.rs
FN:89,_RNCNvMs_NtCs43WEgEEdnv2_15patlang_runtime14memory_managerNtB6_13MemoryManager10deallocate0B8_
FN:24,_RNvMNtCs43WEgEEdnv2_15patlang_runtime14memory_managerNtB2_12MemoryHandle3ptr
FN:27,_RNvMNtCs43WEgEEdnv2_15patlang_runtime14memory_managerNtB2_12MemoryHandle4size
FN:87,_RNvMs_NtCs43WEgEEdnv2_15patlang_runtime14memory_managerNtB4_13MemoryManager10deallocate
FN:112,_RNvMs_NtCs43WEgEEdnv2_15patlang_runtime14memory_managerNtB4_13MemoryManager13detect_errors
FN:100,_RNvMs_NtCs43WEgEEdnv2_15patlang_runtime14memory_managerNtB4_13MemoryManager15garbage_collect
FN:106,_RNvMs_NtCs43WEgEEdnv2_15patlang_runtime14memory_managerNtB4_13MemoryManager25manage_distributed_memory
FN:56,_RNvMs_NtCs43WEgEEdnv2_15patlang_runtime14memory_managerNtB4_13MemoryManager3new
FN:74,_RNvMs_NtCs43WEgEEdnv2_15patlang_runtime14memory_managerNtB4_13MemoryManager8allocate
FN:120,_RNvXs0_NtCs43WEgEEdnv2_15patlang_runtime14memory_managerNtB5_12MemoryHandleNtNtCs5cb5cxfFw7H_4core5clone5Clone5clone
FN:89,_RNCNvMs_NtCsfdX6iJdxz1r_15patlang_runtime14memory_managerNtB6_13MemoryManager10deallocate0B8_
FN:24,_RNvMNtCsfdX6iJdxz1r_15patlang_runtime14memory_managerNtB2_12MemoryHandle3ptr
FN:27,_RNvMNtCsfdX6iJdxz1r_15patlang_runtime14memory_managerNtB2_12MemoryHandle4size
FN:87,_RNvMs_NtCsfdX6iJdxz1r_15patlang_runtime14memory_managerNtB4_13MemoryManager10deallocate
FN:112,_RNvMs_NtCsfdX6iJdxz1r_15patlang_runtime14memory_managerNtB4_13MemoryManager13detect_errors
FN:100,_RNvMs_NtCsfdX6iJdxz1r_15patlang_runtime14memory_managerNtB4_13MemoryManager15garbage_collect
FN:106,_RNvMs_NtCsfdX6iJdxz1r_15patlang_runtime14memory_managerNtB4_13MemoryManager25manage_distributed_memory
FN:56,_RNvMs_NtCsfdX6iJdxz1r_15patlang_runtime14memory_managerNtB4_13MemoryManager3new
FN:74,_RNvMs_NtCsfdX6iJdxz1r_15patlang_runtime14memory_managerNtB4_13MemoryManager8allocate
FN:120,_RNvXs0_NtCsfdX6iJdxz1r_15patlang_runtime14memory_managerNtB5_12MemoryHandleNtNtCs5cb5cxfFw7H_4core5clone5Clone5clone
FNDA:0,_RNCNvMs_NtCs43WEgEEdnv2_15patlang_runtime14memory_managerNtB6_13MemoryManager10deallocate0B8_
FNDA:2,_RNvMNtCs43WEgEEdnv2_15patlang_runtime14memory_managerNtB2_12MemoryHandle3ptr
FNDA:2,_RNvMNtCs43WEgEEdnv2_15patlang_runtime14memory_managerNtB2_12MemoryHandle4size
FNDA:0,_RNvMs_NtCs43WEgEEdnv2_15patlang_runtime14memory_managerNtB4_13MemoryManager10deallocate
FNDA:0,_RNvMs_NtCs43WEgEEdnv2_15patlang_runtime14memory_managerNtB4_13MemoryManager13detect_errors
FNDA:0,_RNvMs_NtCs43WEgEEdnv2_15patlang_runtime14memory_managerNtB4_13MemoryManager15garbage_collect
FNDA:0,_RNvMs_NtCs43WEgEEdnv2_15patlang_runtime14memory_managerNtB4_13MemoryManager25manage_distributed_memory
FNDA:2,_RNvMs_NtCs43WEgEEdnv2_15patlang_runtime14memory_managerNtB4_13MemoryManager3new
FNDA:4,_RNvMs_NtCs43WEgEEdnv2_15patlang_runtime14memory_managerNtB4_13MemoryManager8allocate
FNDA:4,_RNvXs0_NtCs43WEgEEdnv2_15patlang_runtime14memory_managerNtB5_12MemoryHandleNtNtCs5cb5cxfFw7H_4core5clone5Clone5clone
FNDA:0,_RNCNvMs_NtCsfdX6iJdxz1r_15patlang_runtime14memory_managerNtB6_13MemoryManager10deallocate0B8_
FNDA:0,_RNvMNtCsfdX6iJdxz1r_15patlang_runtime14memory_managerNtB2_12MemoryHandle3ptr
FNDA:0,_RNvMNtCsfdX6iJdxz1r_15patlang_runtime14memory_managerNtB2_12MemoryHandle4size
FNDA:0,_RNvMs_NtCsfdX6iJdxz1r_15patlang_runtime14memory_managerNtB4_13MemoryManager10deallocate
FNDA:0,_RNvMs_NtCsfdX6iJdxz1r_15patlang_runtime14memory_managerNtB4_13MemoryManager13detect_errors
FNDA:0,_RNvMs_NtCsfdX6iJdxz1r_15patlang_runtime14memory_managerNtB4_13MemoryManager15garbage_collect
FNDA:0,_RNvMs_NtCsfdX6iJdxz1r_15patlang_runtime14memory_managerNtB4_13MemoryManager25manage_distributed_memory
FNDA:0,_RNvMs_NtCsfdX6iJdxz1r_15patlang_runtime14memory_managerNtB4_13MemoryManager3new
FNDA:0,_RNvMs_NtCsfdX6iJdxz1r_15patlang_runtime14memory_managerNtB4_13MemoryManager8allocate
FNDA:0,_RNvXs0_NtCsfdX6iJdxz1r_15patlang_runtime14memory_managerNtB5_12MemoryHandleNtNtCs5cb5cxfFw7H_4core5clone5Clone5clone
FNF:10
FNH:5
DA:24,2
DA:25,2
DA:26,2
DA:27,2
DA:28,2
DA:29,2
DA:56,2
DA:57,2
DA:58,2
DA:59,2
DA:60,2
DA:61,2
DA:62,2
DA:63,2
DA:64,2
DA:65,2
DA:66,2
DA:67,2
DA:68,2
DA:69,2
DA:70,2
DA:71,2
DA:74,4
DA:76,4
DA:77,4
DA:78,4
DA:79,4
DA:80,4
DA:83,4
DA:84,4
DA:87,0
DA:89,0
DA:90,0
DA:93,0
DA:95,0
DA:97,0
DA:100,0
DA:102,0
DA:103,0
DA:106,0
DA:108,0
DA:109,0
DA:112,0
DA:114,0
DA:115,0
DA:120,4
DA:121,4
DA:122,4
DA:123,4
DA:124,4
DA:125,4
BRF:0
BRH:0
LF:52
LH:36
end_of_record
SF:E:\patlang\rust-runtime\src\message_queue.rs
FN:91,_RNvNtNtCs43WEgEEdnv2_15patlang_runtime13message_queue26core_evaluator_integration28register_with_core_evaluator
FN:155,_RNvNtNtCs43WEgEEdnv2_15patlang_runtime13message_queue24event_system_integration26register_with_event_system
FN:147,_RNvNtNtCs43WEgEEdnv2_15patlang_runtime13message_queue25error_handler_integration27register_with_error_handler
FN:131,_RNvNtNtCs43WEgEEdnv2_15patlang_runtime13message_queue25scope_manager_integration27register_with_scope_manager
FN:123,_RNvNtNtCs43WEgEEdnv2_15patlang_runtime13message_queue30inferencing_engine_integration32register_with_inferencing_engine
FN:107,_RNvNtNtCs43WEgEEdnv2_15patlang_runtime13message_queue23goal_system_integration25register_with_goal_system
FN:115,_RNvNtNtCs43WEgEEdnv2_15patlang_runtime13message_queue23type_system_integration25register_with_type_system
FN:99,_RNvNtNtCs43WEgEEdnv2_15patlang_runtime13message_queue26memory_manager_integration28register_with_memory_manager
FN:63,_RNCNCNvMNtCs43WEgEEdnv2_15patlang_runtime13message_queueNtB6_12MessageQueue4send00B8_
FN:56,_RNCNvMNtCs43WEgEEdnv2_15patlang_runtime13message_queueNtB4_12MessageQueue4send0B6_
FN:163,_RNvNtNtCs43WEgEEdnv2_15patlang_runtime13message_queue43secure_distributed_code_support_integration45register_with_secure_distributed_code_support
FN:139,_RNvNtNtCs43WEgEEdnv2_15patlang_runtime13message_queue24object_model_integration26register_with_object_model
FN:67,_RNvMNtCs43WEgEEdnv2_15patlang_runtime13message_queueNtB2_12MessageQueue11try_receive
FN:73,_RNvMNtCs43WEgEEdnv2_15patlang_runtime13message_queueNtB2_12MessageQueue3len
FN:44,_RNvMNtCs43WEgEEdnv2_15patlang_runtime13message_queueNtB2_12MessageQueue3new
FN:56,_RNvMNtCs43WEgEEdnv2_15patlang_runtime13message_queueNtB2_12MessageQueue4send
FN:79,_RNvMNtCs43WEgEEdnv2_15patlang_runtime13message_queueNtB2_12MessageQueue8is_empty
FN:63,_RNCNCNvMNtCs43WEgEEdnv2_15patlang_runtime13message_queueNtB6_12MessageQueue4send00Cs85zesPYUfIo_13message_queue
FN:56,_RNCNvMNtCs43WEgEEdnv2_15patlang_runtime13message_queueNtB4_12MessageQueue4send0Cs85zesPYUfIo_13message_queue
FN:63,_RNCNCNvMNtCsl0JAkcl7hlS_3pat13message_queueNtB6_12MessageQueue4send00B8_
FN:56,_RNCNvMNtCsl0JAkcl7hlS_3pat13message_queueNtB4_12MessageQueue4send0B6_
FN:67,_RNvMNtCsl0JAkcl7hlS_3pat13message_queueNtB2_12MessageQueue11try_receive
FN:73,_RNvMNtCsl0JAkcl7hlS_3pat13message_queueNtB2_12MessageQueue3len
FN:44,_RNvMNtCsl0JAkcl7hlS_3pat13message_queueNtB2_12MessageQueue3new
FN:56,_RNvMNtCsl0JAkcl7hlS_3pat13message_queueNtB2_12MessageQueue4send
FN:79,_RNvMNtCsl0JAkcl7hlS_3pat13message_queueNtB2_12MessageQueue8is_empty
FN:107,_RNvNtNtCsl0JAkcl7hlS_3pat13message_queue23goal_system_integration25register_with_goal_system
FN:115,_RNvNtNtCsl0JAkcl7hlS_3pat13message_queue23type_system_integration25register_with_type_system
FN:155,_RNvNtNtCsl0JAkcl7hlS_3pat13message_queue24event_system_integration26register_with_event_system
FN:139,_RNvNtNtCsl0JAkcl7hlS_3pat13message_queue24object_model_integration26register_with_object_model
FN:147,_RNvNtNtCsl0JAkcl7hlS_3pat13message_queue25error_handler_integration27register_with_error_handler
FN:131,_RNvNtNtCsl0JAkcl7hlS_3pat13message_queue25scope_manager_integration27register_with_scope_manager
FN:91,_RNvNtNtCsl0JAkcl7hlS_3pat13message_queue26core_evaluator_integration28register_with_core_evaluator
FN:99,_RNvNtNtCsl0JAkcl7hlS_3pat13message_queue26memory_manager_integration28register_with_memory_manager
FN:123,_RNvNtNtCsl0JAkcl7hlS_3pat13message_queue30inferencing_engine_integration32register_with_inferencing_engine
FN:163,_RNvNtNtCsl0JAkcl7hlS_3pat13message_queue43secure_distributed_code_support_integration45register_with_secure_distributed_code_support
FN:63,_RNCNCNvMNtCs72bbnDkPA3N_3pat13message_queueNtB6_12MessageQueue4send00B8_
FN:56,_RNCNvMNtCs72bbnDkPA3N_3pat13message_queueNtB4_12MessageQueue4send0B6_
FN:67,_RNvMNtCs72bbnDkPA3N_3pat13message_queueNtB2_12MessageQueue11try_receive
FN:73,_RNvMNtCs72bbnDkPA3N_3pat13message_queueNtB2_12MessageQueue3len
FN:44,_RNvMNtCs72bbnDkPA3N_3pat13message_queueNtB2_12MessageQueue3new
FN:56,_RNvMNtCs72bbnDkPA3N_3pat13message_queueNtB2_12MessageQueue4send
FN:79,_RNvMNtCs72bbnDkPA3N_3pat13message_queueNtB2_12MessageQueue8is_empty
FN:107,_RNvNtNtCs72bbnDkPA3N_3pat13message_queue23goal_system_integration25register_with_goal_system
FN:115,_RNvNtNtCs72bbnDkPA3N_3pat13message_queue23type_system_integration25register_with_type_system
FN:155,_RNvNtNtCs72bbnDkPA3N_3pat13message_queue24event_system_integration26register_with_event_system
FN:139,_RNvNtNtCs72bbnDkPA3N_3pat13message_queue24object_model_integration26register_with_object_model
FN:147,_RNvNtNtCs72bbnDkPA3N_3pat13message_queue25error_handler_integration27register_with_error_handler
FN:131,_RNvNtNtCs72bbnDkPA3N_3pat13message_queue25scope_manager_integration27register_with_scope_manager
FN:91,_RNvNtNtCs72bbnDkPA3N_3pat13message_queue26core_evaluator_integration28register_with_core_evaluator
FN:99,_RNvNtNtCs72bbnDkPA3N_3pat13message_queue26memory_manager_integration28register_with_memory_manager
FN:123,_RNvNtNtCs72bbnDkPA3N_3pat13message_queue30inferencing_engine_integration32register_with_inferencing_engine
FN:163,_RNvNtNtCs72bbnDkPA3N_3pat13message_queue43secure_distributed_code_support_integration45register_with_secure_distributed_code_support
FN:63,_RNCNCNvMNtCsfdX6iJdxz1r_15patlang_runtime13message_queueNtB6_12MessageQueue4send00B8_
FN:56,_RNCNvMNtCsfdX6iJdxz1r_15patlang_runtime13message_queueNtB4_12MessageQueue4send0B6_
FN:67,_RNvMNtCsfdX6iJdxz1r_15patlang_runtime13message_queueNtB2_12MessageQueue11try_receive
FN:73,_RNvMNtCsfdX6iJdxz1r_15patlang_runtime13message_queueNtB2_12MessageQueue3len
FN:44,_RNvMNtCsfdX6iJdxz1r_15patlang_runtime13message_queueNtB2_12MessageQueue3new
FN:56,_RNvMNtCsfdX6iJdxz1r_15patlang_runtime13message_queueNtB2_12MessageQueue4send
FN:79,_RNvMNtCsfdX6iJdxz1r_15patlang_runtime13message_queueNtB2_12MessageQueue8is_empty
FN:107,_RNvNtNtCsfdX6iJdxz1r_15patlang_runtime13message_queue23goal_system_integration25register_with_goal_system
FN:115,_RNvNtNtCsfdX6iJdxz1r_15patlang_runtime13message_queue23type_system_integration25register_with_type_system
FN:155,_RNvNtNtCsfdX6iJdxz1r_15patlang_runtime13message_queue24event_system_integration26register_with_event_system
FN:139,_RNvNtNtCsfdX6iJdxz1r_15patlang_runtime13message_queue24object_model_integration26register_with_object_model
FN:147,_RNvNtNtCsfdX6iJdxz1r_15patlang_runtime13message_queue25error_handler_integration27register_with_error_handler
FN:131,_RNvNtNtCsfdX6iJdxz1r_15patlang_runtime13message_queue25scope_manager_integration27register_with_scope_manager
FN:91,_RNvNtNtCsfdX6iJdxz1r_15patlang_runtime13message_queue26core_evaluator_integration28register_with_core_evaluator
FN:99,_RNvNtNtCsfdX6iJdxz1r_15patlang_runtime13message_queue26memory_manager_integration28register_with_memory_manager
FN:123,_RNvNtNtCsfdX6iJdxz1r_15patlang_runtime13message_queue30inferencing_engine_integration32register_with_inferencing_engine
FN:163,_RNvNtNtCsfdX6iJdxz1r_15patlang_runtime13message_queue43secure_distributed_code_support_integration45register_with_secure_distributed_code_support
FNDA:0,_RNvNtNtCs43WEgEEdnv2_15patlang_runtime13message_queue26core_evaluator_integration28register_with_core_evaluator
FNDA:0,_RNvNtNtCs43WEgEEdnv2_15patlang_runtime13message_queue24event_system_integration26register_with_event_system
FNDA:0,_RNvNtNtCs43WEgEEdnv2_15patlang_runtime13message_queue25error_handler_integration27register_with_error_handler
FNDA:0,_RNvNtNtCs43WEgEEdnv2_15patlang_runtime13message_queue25scope_manager_integration27register_with_scope_manager
FNDA:0,_RNvNtNtCs43WEgEEdnv2_15patlang_runtime13message_queue30inferencing_engine_integration32register_with_inferencing_engine
FNDA:0,_RNvNtNtCs43WEgEEdnv2_15patlang_runtime13message_queue23goal_system_integration25register_with_goal_system
FNDA:0,_RNvNtNtCs43WEgEEdnv2_15patlang_runtime13message_queue23type_system_integration25register_with_type_system
FNDA:0,_RNvNtNtCs43WEgEEdnv2_15patlang_runtime13message_queue26memory_manager_integration28register_with_memory_manager
FNDA:0,_RNCNCNvMNtCs43WEgEEdnv2_15patlang_runtime13message_queueNtB6_12MessageQueue4send00B8_
FNDA:0,_RNCNvMNtCs43WEgEEdnv2_15patlang_runtime13message_queueNtB4_12MessageQueue4send0B6_
FNDA:0,_RNvNtNtCs43WEgEEdnv2_15patlang_runtime13message_queue43secure_distributed_code_support_integration45register_with_secure_distributed_code_support
FNDA:0,_RNvNtNtCs43WEgEEdnv2_15patlang_runtime13message_queue24object_model_integration26register_with_object_model
FNDA:1,_RNvMNtCs43WEgEEdnv2_15patlang_runtime13message_queueNtB2_12MessageQueue11try_receive
FNDA:4,_RNvMNtCs43WEgEEdnv2_15patlang_runtime13message_queueNtB2_12MessageQueue3len
FNDA:6,_RNvMNtCs43WEgEEdnv2_15patlang_runtime13message_queueNtB2_12MessageQueue3new
FNDA:4,_RNvMNtCs43WEgEEdnv2_15patlang_runtime13message_queueNtB2_12MessageQueue4send
FNDA:2,_RNvMNtCs43WEgEEdnv2_15patlang_runtime13message_queueNtB2_12MessageQueue8is_empty
FNDA:1,_RNCNCNvMNtCs43WEgEEdnv2_15patlang_runtime13message_queueNtB6_12MessageQueue4send00Cs85zesPYUfIo_13message_queue
FNDA:4,_RNCNvMNtCs43WEgEEdnv2_15patlang_runtime13message_queueNtB4_12MessageQueue4send0Cs85zesPYUfIo_13message_queue
FNDA:0,_RNCNCNvMNtCsl0JAkcl7hlS_3pat13message_queueNtB6_12MessageQueue4send00B8_
FNDA:0,_RNCNvMNtCsl0JAkcl7hlS_3pat13message_queueNtB4_12MessageQueue4send0B6_
FNDA:0,_RNvMNtCsl0JAkcl7hlS_3pat13message_queueNtB2_12MessageQueue11try_receive
FNDA:0,_RNvMNtCsl0JAkcl7hlS_3pat13message_queueNtB2_12MessageQueue3len
FNDA:0,_RNvMNtCsl0JAkcl7hlS_3pat13message_queueNtB2_12MessageQueue3new
FNDA:0,_RNvMNtCsl0JAkcl7hlS_3pat13message_queueNtB2_12MessageQueue4send
FNDA:0,_RNvMNtCsl0JAkcl7hlS_3pat13message_queueNtB2_12MessageQueue8is_empty
FNDA:0,_RNvNtNtCsl0JAkcl7hlS_3pat13message_queue23goal_system_integration25register_with_goal_system
FNDA:0,_RNvNtNtCsl0JAkcl7hlS_3pat13message_queue23type_system_integration25register_with_type_system
FNDA:0,_RNvNtNtCsl0JAkcl7hlS_3pat13message_queue24event_system_integration26register_with_event_system
FNDA:0,_RNvNtNtCsl0JAkcl7hlS_3pat13message_queue24object_model_integration26register_with_object_model
FNDA:0,_RNvNtNtCsl0JAkcl7hlS_3pat13message_queue25error_handler_integration27register_with_error_handler
FNDA:0,_RNvNtNtCsl0JAkcl7hlS_3pat13message_queue25scope_manager_integration27register_with_scope_manager
FNDA:0,_RNvNtNtCsl0JAkcl7hlS_3pat13message_queue26core_evaluator_integration28register_with_core_evaluator
FNDA:0,_RNvNtNtCsl0JAkcl7hlS_3pat13message_queue26memory_manager_integration28register_with_memory_manager
FNDA:0,_RNvNtNtCsl0JAkcl7hlS_3pat13message_queue30inferencing_engine_integration32register_with_inferencing_engine
FNDA:0,_RNvNtNtCsl0JAkcl7hlS_3pat13message_queue43secure_distributed_code_support_integration45register_with_secure_distributed_code_support
FNDA:0,_RNCNCNvMNtCs72bbnDkPA3N_3pat13message_queueNtB6_12MessageQueue4send00B8_
FNDA:0,_RNCNvMNtCs72bbnDkPA3N_3pat13message_queueNtB4_12MessageQueue4send0B6_
FNDA:0,_RNvMNtCs72bbnDkPA3N_3pat13message_queueNtB2_12MessageQueue11try_receive
FNDA:0,_RNvMNtCs72bbnDkPA3N_3pat13message_queueNtB2_12MessageQueue3len
FNDA:0,_RNvMNtCs72bbnDkPA3N_3pat13message_queueNtB2_12MessageQueue3new
FNDA:0,_RNvMNtCs72bbnDkPA3N_3pat13message_queueNtB2_12MessageQueue4send
FNDA:0,_RNvMNtCs72bbnDkPA3N_3pat13message_queueNtB2_12MessageQueue8is_empty
FNDA:0,_RNvNtNtCs72bbnDkPA3N_3pat13message_queue23goal_system_integration25register_with_goal_system
FNDA:0,_RNvNtNtCs72bbnDkPA3N_3pat13message_queue23type_system_integration25register_with_type_system
FNDA:0,_RNvNtNtCs72bbnDkPA3N_3pat13message_queue24event_system_integration26register_with_event_system
FNDA:0,_RNvNtNtCs72bbnDkPA3N_3pat13message_queue24object_model_integration26register_with_object_model
FNDA:0,_RNvNtNtCs72bbnDkPA3N_3pat13message_queue25error_handler_integration27register_with_error_handler
FNDA:0,_RNvNtNtCs72bbnDkPA3N_3pat13message_queue25scope_manager_integration27register_with_scope_manager
FNDA:0,_RNvNtNtCs72bbnDkPA3N_3pat13message_queue26core_evaluator_integration28register_with_core_evaluator
FNDA:0,_RNvNtNtCs72bbnDkPA3N_3pat13message_queue26memory_manager_integration28register_with_memory_manager
FNDA:0,_RNvNtNtCs72bbnDkPA3N_3pat13message_queue30inferencing_engine_integration32register_with_inferencing_engine
FNDA:0,_RNvNtNtCs72bbnDkPA3N_3pat13message_queue43secure_distributed_code_support_integration45register_with_secure_distributed_code_support
FNDA:0,_RNCNCNvMNtCsfdX6iJdxz1r_15patlang_runtime13message_queueNtB6_12MessageQueue4send00B8_
FNDA:0,_RNCNvMNtCsfdX6iJdxz1r_15patlang_runtime13message_queueNtB4_12MessageQueue4send0B6_
FNDA:0,_RNvMNtCsfdX6iJdxz1r_15patlang_runtime13message_queueNtB2_12MessageQueue11try_receive
FNDA:0,_RNvMNtCsfdX6iJdxz1r_15patlang_runtime13message_queueNtB2_12MessageQueue3len
FNDA:0,_RNvMNtCsfdX6iJdxz1r_15patlang_runtime13message_queueNtB2_12MessageQueue3new
FNDA:0,_RNvMNtCsfdX6iJdxz1r_15patlang_runtime13message_queueNtB2_12MessageQueue4send
FNDA:0,_RNvMNtCsfdX6iJdxz1r_15patlang_runtime13message_queueNtB2_12MessageQueue8is_empty
FNDA:0,_RNvNtNtCsfdX6iJdxz1r_15patlang_runtime13message_queue23goal_system_integration25register_with_goal_system
FNDA:0,_RNvNtNtCsfdX6iJdxz1r_15patlang_runtime13message_queue23type_system_integration25register_with_type_system
FNDA:0,_RNvNtNtCsfdX6iJdxz1r_15patlang_runtime13message_queue24event_system_integration26register_with_event_system
FNDA:0,_RNvNtNtCsfdX6iJdxz1r_15patlang_runtime13message_queue24object_model_integration26register_with_object_model
FNDA:0,_RNvNtNtCsfdX6iJdxz1r_15patlang_runtime13message_queue25error_handler_integration27register_with_error_handler
FNDA:0,_RNvNtNtCsfdX6iJdxz1r_15patlang_runtime13message_queue25scope_manager_integration27register_with_scope_manager
FNDA:0,_RNvNtNtCsfdX6iJdxz1r_15patlang_runtime13message_queue26core_evaluator_integration28register_with_core_evaluator
FNDA:0,_RNvNtNtCsfdX6iJdxz1r_15patlang_runtime13message_queue26memory_manager_integration28register_with_memory_manager
FNDA:0,_RNvNtNtCsfdX6iJdxz1r_15patlang_runtime13message_queue30inferencing_engine_integration32register_with_inferencing_engine
FNDA:0,_RNvNtNtCsfdX6iJdxz1r_15patlang_runtime13message_queue43secure_distributed_code_support_integration45register_with_secure_distributed_code_support
FNF:17
FNH:7
DA:44,6
DA:45,6
DA:46,6
DA:47,6
DA:48,6
DA:49,6
DA:50,6
DA:51,6
DA:52,6
DA:53,6
DA:56,4
DA:58,4
DA:59,4
DA:60,4
DA:61,4
DA:63,4
DA:64,4
DA:67,1
DA:68,1
DA:69,1
DA:70,1
DA:73,4
DA:74,4
DA:75,4
DA:76,4
DA:79,2
DA:80,2
DA:81,2
DA:91,0
DA:93,0
DA:99,0
DA:101,0
DA:107,0
DA:109,0
DA:115,0
DA:117,0
DA:123,0
DA:125,0
DA:131,0
DA:133,0
DA:139,0
DA:141,0
DA:147,0
DA:149,0
DA:155,0
DA:157,0
DA:163,0
DA:165,0
BRF:0
BRH:0
LF:50
LH:30
end_of_record
SF:E:\patlang\rust-runtime\src\object.rs
FN:20,_RINvMNtCs43WEgEEdnv2_15patlang_runtime6objectNtB3_6Object3setNtNtCs2ocB3yIIgEv_5alloc6string6StringEB5_
FN:20,_RINvMNtCs43WEgEEdnv2_15patlang_runtime6objectNtB3_6Object3setReEB5_
FN:56,_RINvMs_NtCs43WEgEEdnv2_15patlang_runtime6objectNtB5_11ObjectStore3setNtNtCs2ocB3yIIgEv_5alloc6string6StringEB7_
FN:56,_RINvMs_NtCs43WEgEEdnv2_15patlang_runtime6objectNtB5_11ObjectStore3setReEB7_
FN:57,_RNCINvMs_NtCs43WEgEEdnv2_15patlang_runtime6objectNtB7_11ObjectStore3setNtNtCs2ocB3yIIgEv_5alloc6string6StringE0B9_
FN:57,_RNCINvMs_NtCs43WEgEEdnv2_15patlang_runtime6objectNtB7_11ObjectStore3setReE0B9_
FN:62,_RNCNvMs_NtCs43WEgEEdnv2_15patlang_runtime6objectNtB6_11ObjectStore3get0B8_
FN:39,_RNCNvMs_NtCs43WEgEEdnv2_15patlang_runtime6objectNtB6_11ObjectStore6ensure0B8_
FN:24,_RNvMNtCs43WEgEEdnv2_15patlang_runtime6objectNtB2_6Object3get
FN:13,_RNvMNtCs43WEgEEdnv2_15patlang_runtime6objectNtB2_6Object3new
FN:61,_RNvMs_NtCs43WEgEEdnv2_15patlang_runtime6objectNtB4_11ObjectStore3get
FN:35,_RNvMs_NtCs43WEgEEdnv2_15patlang_runtime6objectNtB4_11ObjectStore3new
FN:69,_RNvMs_NtCs43WEgEEdnv2_15patlang_runtime6objectNtB4_11ObjectStore4iter
FN:37,_RNvMs_NtCs43WEgEEdnv2_15patlang_runtime6objectNtB4_11ObjectStore6ensure
FN:65,_RNvMs_NtCs43WEgEEdnv2_15patlang_runtime6objectNtB4_11ObjectStore6exists
FN:20,_RINvMNtCsfdX6iJdxz1r_15patlang_runtime6objectNtB3_6Object3setpEB5_
FN:56,_RINvMs_NtCsfdX6iJdxz1r_15patlang_runtime6objectNtB5_11ObjectStore3setpEB7_
FN:57,_RNCINvMs_NtCsfdX6iJdxz1r_15patlang_runtime6objectNtB7_11ObjectStore3setpE0B9_
FN:62,_RNCNvMs_NtCsfdX6iJdxz1r_15patlang_runtime6objectNtB6_11ObjectStore3get0B8_
FN:39,_RNCNvMs_NtCsfdX6iJdxz1r_15patlang_runtime6objectNtB6_11ObjectStore6ensure0B8_
FN:24,_RNvMNtCsfdX6iJdxz1r_15patlang_runtime6objectNtB2_6Object3get
FN:13,_RNvMNtCsfdX6iJdxz1r_15patlang_runtime6objectNtB2_6Object3new
FN:61,_RNvMs_NtCsfdX6iJdxz1r_15patlang_runtime6objectNtB4_11ObjectStore3get
FN:35,_RNvMs_NtCsfdX6iJdxz1r_15patlang_runtime6objectNtB4_11ObjectStore3new
FN:69,_RNvMs_NtCsfdX6iJdxz1r_15patlang_runtime6objectNtB4_11ObjectStore4iter
FN:37,_RNvMs_NtCsfdX6iJdxz1r_15patlang_runtime6objectNtB4_11ObjectStore6ensure
FN:65,_RNvMs_NtCsfdX6iJdxz1r_15patlang_runtime6objectNtB4_11ObjectStore6exists
FNDA:7,_RINvMNtCs43WEgEEdnv2_15patlang_runtime6objectNtB3_6Object3setNtNtCs2ocB3yIIgEv_5alloc6string6StringEB5_
FNDA:20,_RINvMNtCs43WEgEEdnv2_15patlang_runtime6objectNtB3_6Object3setReEB5_
FNDA:7,_RINvMs_NtCs43WEgEEdnv2_15patlang_runtime6objectNtB5_11ObjectStore3setNtNtCs2ocB3yIIgEv_5alloc6string6StringEB7_
FNDA:4,_RINvMs_NtCs43WEgEEdnv2_15patlang_runtime6objectNtB5_11ObjectStore3setReEB7_
FNDA:0,_RNCINvMs_NtCs43WEgEEdnv2_15patlang_runtime6objectNtB7_11ObjectStore3setNtNtCs2ocB3yIIgEv_5alloc6string6StringE0B9_
FNDA:0,_RNCINvMs_NtCs43WEgEEdnv2_15patlang_runtime6objectNtB7_11ObjectStore3setReE0B9_
FNDA:30,_RNCNvMs_NtCs43WEgEEdnv2_15patlang_runtime6objectNtB6_11ObjectStore3get0B8_
FNDA:8,_RNCNvMs_NtCs43WEgEEdnv2_15patlang_runtime6objectNtB6_11ObjectStore6ensure0B8_
FNDA:42,_RNvMNtCs43WEgEEdnv2_15patlang_runtime6objectNtB2_6Object3get
FNDA:10,_RNvMNtCs43WEgEEdnv2_15patlang_runtime6objectNtB2_6Object3new
FNDA:32,_RNvMs_NtCs43WEgEEdnv2_15patlang_runtime6objectNtB4_11ObjectStore3get
FNDA:29,_RNvMs_NtCs43WEgEEdnv2_15patlang_runtime6objectNtB4_11ObjectStore3new
[...]
FN:21,_RNCNvMNtCs43WEgEEdnv2_15patlang_runtime19runtime_integrationNtB4_21TypeInferenceRegistry3get0B6_
FN:20,_RNvMNtCs43WEgEEdnv2_15patlang_runtime19runtime_integrationNtB2_21TypeInferenceRegistry3get
FN:14,_RNvMNtCs43WEgEEdnv2_15patlang_runtime19runtime_integrationNtB2_21TypeInferenceRegistry3new
FN:16,_RNvMNtCs43WEgEEdnv2_15patlang_runtime19runtime_integrationNtB2_21TypeInferenceRegistry8register
FN:28,_RNvNtCs43WEgEEdnv2_15patlang_runtime19runtime_integration16on_query_results
FN:21,_RNCNvMNtCsfdX6iJdxz1r_15patlang_runtime19runtime_integrationNtB4_21TypeInferenceRegistry3get0B6_
FN:20,_RNvMNtCsfdX6iJdxz1r_15patlang_runtime19runtime_integrationNtB2_21TypeInferenceRegistry3get
FN:14,_RNvMNtCsfdX6iJdxz1r_15patlang_runtime19runtime_integrationNtB2_21TypeInferenceRegistry3new
FN:16,_RNvMNtCsfdX6iJdxz1r_15patlang_runtime19runtime_integrationNtB2_21TypeInferenceRegistry8register
FN:28,_RNvNtCsfdX6iJdxz1r_15patlang_runtime19runtime_integration16on_query_results
FNDA:8,_RNCNvMNtCs43WEgEEdnv2_15patlang_runtime19runtime_integrationNtB4_21TypeInferenceRegistry3get0B6_
FNDA:12,_RNvMNtCs43WEgEEdnv2_15patlang_runtime19runtime_integrationNtB2_21TypeInferenceRegistry3get
FNDA:29,_RNvMNtCs43WEgEEdnv2_15patlang_runtime19runtime_integrationNtB2_21TypeInferenceRegistry3new
FNDA:4,_RNvMNtCs43WEgEEdnv2_15patlang_runtime19runtime_integrationNtB2_21TypeInferenceRegistry8register
FNDA:6,_RNvNtCs43WEgEEdnv2_15patlang_runtime19runtime_integration16on_query_results
FNDA:0,_RNCNvMNtCsfdX6iJdxz1r_15patlang_runtime19runtime_integrationNtB4_21TypeInferenceRegistry3get0B6_
FNDA:0,_RNvMNtCsfdX6iJdxz1r_15patlang_runtime19runtime_integrationNtB2_21TypeInferenceRegistry3get
FNDA:0,_RNvMNtCsfdX6iJdxz1r_15patlang_runtime19runtime_integrationNtB2_21TypeInferenceRegistry3new
FNDA:0,_RNvMNtCsfdX6iJdxz1r_15patlang_runtime19runtime_integrationNtB2_21TypeInferenceRegistry8register
FNDA:0,_RNvNtCsfdX6iJdxz1r_15patlang_runtime19runtime_integration16on_query_results
FNF:5
FNH:5
DA:14,29
DA:16,4
DA:17,4
DA:18,4
DA:20,12
DA:21,12
DA:22,12
DA:28,6
DA:29,6
DA:30,4
DA:31,4
DA:32,6
DA:33,4
DA:34,4
DA:35,4
DA:36,2
DA:37,6
BRF:0
BRH:0
LF:18
LH:18
end_of_record
SF:E:\patlang\rust-runtime\src\scope_manager.rs
FN:41,_RNvMNtCs43WEgEEdnv2_15patlang_runtime13scope_managerNtB2_5Scope3new
FN:57,_RNvMNtCs43WEgEEdnv2_15patlang_runtime13scope_managerNtB2_5Scope4bind
FN:49,_RNvMNtCs43WEgEEdnv2_15patlang_runtime13scope_managerNtB2_5Scope5child
FN:62,_RNvMNtCs43WEgEEdnv2_15patlang_runtime13scope_managerNtB2_5Scope6lookup
FN:103,_RNvMs_NtCs43WEgEEdnv2_15patlang_runtime13scope_managerNtB4_12ScopeManager10exit_scope
FN:97,_RNvMs_NtCs43WEgEEdnv2_15patlang_runtime13scope_managerNtB4_12ScopeManager11enter_scope
FN:111,_RNvMs_NtCs43WEgEEdnv2_15patlang_runtime13scope_managerNtB4_12ScopeManager13bind_variable
FN:116,_RNvMs_NtCs43WEgEEdnv2_15patlang_runtime13scope_managerNtB4_12ScopeManager15lookup_variable
FN:133,_RNvMs_NtCs43WEgEEdnv2_15patlang_runtime13scope_managerNtB4_12ScopeManager15set_goal_system
FN:138,_RNvMs_NtCs43WEgEEdnv2_15patlang_runtime13scope_managerNtB4_12ScopeManager15set_type_system
FN:148,_RNvMs_NtCs43WEgEEdnv2_15patlang_runtime13scope_managerNtB4_12ScopeManager16set_event_system
FN:158,_RNvMs_NtCs43WEgEEdnv2_15patlang_runtime13scope_managerNtB4_12ScopeManager17set_error_handler
FN:153,_RNvMs_NtCs43WEgEEdnv2_15patlang_runtime13scope_managerNtB4_12ScopeManager17set_message_queue
FN:123,_RNvMs_NtCs43WEgEEdnv2_15patlang_runtime13scope_managerNtB4_12ScopeManager18set_core_evaluator
FN:128,_RNvMs_NtCs43WEgEEdnv2_15patlang_runtime13scope_managerNtB4_12ScopeManager18set_memory_manager
FN:143,_RNvMs_NtCs43WEgEEdnv2_15patlang_runtime13scope_managerNtB4_12ScopeManager22set_inferencing_engine
FN:163,_RNvMs_NtCs43WEgEEdnv2_15patlang_runtime13scope_managerNtB4_12ScopeManager23set_secure_code_support
FN:90,_RNvMs_NtCs43WEgEEdnv2_15patlang_runtime13scope_managerNtB4_12ScopeManager3new
FN:103,_RNvMs_NtCsfdX6iJdxz1r_15patlang_runtime13scope_managerNtB4_12ScopeManager10exit_scope
FN:97,_RNvMs_NtCsfdX6iJdxz1r_15patlang_runtime13scope_managerNtB4_12ScopeManager11enter_scope
FN:111,_RNvMs_NtCsfdX6iJdxz1r_15patlang_runtime13scope_managerNtB4_12ScopeManager13bind_variable
FN:116,_RNvMs_NtCsfdX6iJdxz1r_15patlang_runtime13scope_managerNtB4_12ScopeManager15lookup_variable
FN:133,_RNvMs_NtCsfdX6iJdxz1r_15patlang_runtime13scope_managerNtB4_12ScopeManager15set_goal_system
FN:138,_RNvMs_NtCsfdX6iJdxz1r_15patlang_runtime13scope_managerNtB4_12ScopeManager15set_type_system
FN:148,_RNvMs_NtCsfdX6iJdxz1r_15patlang_runtime13scope_managerNtB4_12ScopeManager16set_event_system
FN:158,_RNvMs_NtCsfdX6iJdxz1r_15patlang_runtime13scope_managerNtB4_12ScopeManager17set_error_handler
FN:153,_RNvMs_NtCsfdX6iJdxz1r_15patlang_runtime13scope_managerNtB4_12ScopeManager17set_message_queue
FN:123,_RNvMs_NtCsfdX6iJdxz1r_15patlang_runtime13scope_managerNtB4_12ScopeManager18set_core_evaluator
FN:128,_RNvMs_NtCsfdX6iJdxz1r_15patlang_runtime13scope_managerNtB4_12ScopeManager18set_memory_manager
FN:143,_RNvMs_NtCsfdX6iJdxz1r_15patlang_runtime13scope_managerNtB4_12ScopeManager22set_inferencing_engine
FN:163,_RNvMs_NtCsfdX6iJdxz1r_15patlang_runtime13scope_managerNtB4_12ScopeManager23set_secure_code_support
FN:90,_RNvMs_NtCsfdX6iJdxz1r_15patlang_runtime13scope_managerNtB4_12ScopeManager3new
FN:182,_RNvNtNtCsfdX6iJdxz1r_15patlang_runtime13scope_manager5testss_23test_scope_chain_lookup
FN:174,_RNvNtNtCsfdX6iJdxz1r_15patlang_runtime13scope_manager5testss_26test_scope_bind_and_lookup
FN:41,_RNvMNtCsfdX6iJdxz1r_15patlang_runtime13scope_managerNtB2_5Scope3new
FN:57,_RNvMNtCsfdX6iJdxz1r_15patlang_runtime13scope_managerNtB2_5Scope4bind
FN:49,_RNvMNtCsfdX6iJdxz1r_15patlang_runtime13scope_managerNtB2_5Scope5child
FN:62,_RNvMNtCsfdX6iJdxz1r_15patlang_runtime13scope_managerNtB2_5Scope6lookup
FNDA:3,_RNvMNtCs43WEgEEdnv2_15patlang_runtime13scope_managerNtB2_5Scope3new
FNDA:5,_RNvMNtCs43WEgEEdnv2_15patlang_runtime13scope_managerNtB2_5Scope4bind
FNDA:2,_RNvMNtCs43WEgEEdnv2_15patlang_runtime13scope_managerNtB2_5Scope5child
FNDA:7,_RNvMNtCs43WEgEEdnv2_15patlang_runtime13scope_managerNtB2_5Scope6lookup
FNDA:0,_RNvMs_NtCs43WEgEEdnv2_15patlang_runtime13scope_managerNtB4_12ScopeManager10exit_scope
FNDA:0,_RNvMs_NtCs43WEgEEdnv2_15patlang_runtime13scope_managerNtB4_12ScopeManager11enter_scope
FNDA:0,_RNvMs_NtCs43WEgEEdnv2_15patlang_runtime13scope_managerNtB4_12ScopeManager13bind_variable
FNDA:0,_RNvMs_NtCs43WEgEEdnv2_15patlang_runtime13scope_managerNtB4_12ScopeManager15lookup_variable
FNDA:0,_RNvMs_NtCs43WEgEEdnv2_15patlang_runtime13scope_managerNtB4_12ScopeManager15set_goal_system
FNDA:0,_RNvMs_NtCs43WEgEEdnv2_15patlang_runtime13scope_managerNtB4_12ScopeManager15set_type_system
FNDA:0,_RNvMs_NtCs43WEgEEdnv2_15patlang_runtime13scope_managerNtB4_12ScopeManager16set_event_system
FNDA:0,_RNvMs_NtCs43WEgEEdnv2_15patlang_runtime13scope_managerNtB4_12ScopeManager17set_error_handler
FNDA:0,_RNvMs_NtCs43WEgEEdnv2_15patlang_runtime13scope_managerNtB4_12ScopeManager17set_message_queue
FNDA:0,_RNvMs_NtCs43WEgEEdnv2_15patlang_runtime13scope_managerNtB4_12ScopeManager18set_core_evaluator
FNDA:0,_RNvMs_NtCs43WEgEEdnv2_15patlang_runtime13scope_managerNtB4_12ScopeManager18set_memory_manager
FNDA:0,_RNvMs_NtCs43WEgEEdnv2_15patlang_runtime13scope_managerNtB4_12ScopeManager22set_inferencing_engine
FNDA:0,_RNvMs_NtCs43WEgEEdnv2_15patlang_runtime13scope_managerNtB4_12ScopeManager23set_secure_code_support
FNDA:0,_RNvMs_NtCs43WEgEEdnv2_15patlang_runtime13scope_managerNtB4_12ScopeManager3new
FNDA:0,_RNvMs_NtCsfdX6iJdxz1r_15patlang_runtime13scope_managerNtB4_12ScopeManager10exit_scope
FNDA:0,_RNvMs_NtCsfdX6iJdxz1r_15patlang_runtime13scope_managerNtB4_12ScopeManager11enter_scope
FNDA:0,_RNvMs_NtCsfdX6iJdxz1r_15patlang_runtime13scope_managerNtB4_12ScopeManager13bind_variable
FNDA:0,_RNvMs_NtCsfdX6iJdxz1r_15patlang_runtime13scope_managerNtB4_12ScopeManager15lookup_variable
FNDA:0,_RNvMs_NtCsfdX6iJdxz1r_15patlang_runtime13scope_managerNtB4_12ScopeManager15set_goal_system
FNDA:0,_RNvMs_NtCsfdX6iJdxz1r_15patlang_runtime13scope_managerNtB4_12ScopeManager15set_type_system
FNDA:0,_RNvMs_NtCsfdX6iJdxz1r_15patlang_runtime13scope_managerNtB4_12ScopeManager16set_event_system
FNDA:0,_RNvMs_NtCsfdX6iJdxz1r_15patlang_runtime13scope_managerNtB4_12ScopeManager17set_error_handler
FNDA:0,_RNvMs_NtCsfdX6iJdxz1r_15patlang_runtime13scope_managerNtB4_12ScopeManager17set_message_queue
FNDA:0,_RNvMs_NtCsfdX6iJdxz1r_15patlang_runtime13scope_managerNtB4_12ScopeManager18set_core_evaluator
FNDA:0,_RNvMs_NtCsfdX6iJdxz1r_15patlang_runtime13scope_managerNtB4_12ScopeManager18set_memory_manager
FNDA:0,_RNvMs_NtCsfdX6iJdxz1r_15patlang_runtime13scope_managerNtB4_12ScopeManager22set_inferencing_engine
FNDA:0,_RNvMs_NtCsfdX6iJdxz1r_15patlang_runtime13scope_managerNtB4_12ScopeManager23set_secure_code_support
FNDA:0,_RNvMs_NtCsfdX6iJdxz1r_15patlang_runtime13scope_managerNtB4_12ScopeManager3new
FNDA:1,_RNvNtNtCsfdX6iJdxz1r_15patlang_runtime13scope_manager5testss_23test_scope_chain_lookup
FNDA:1,_RNvNtNtCsfdX6iJdxz1r_15patlang_runtime13scope_manager5testss_26test_scope_bind_and_lookup
FNDA:2,_RNvMNtCsfdX6iJdxz1r_15patlang_runtime13scope_managerNtB2_5Scope3new
FNDA:3,_RNvMNtCsfdX6iJdxz1r_15patlang_runtime13scope_managerNtB2_5Scope4bind
FNDA:1,_RNvMNtCsfdX6iJdxz1r_15patlang_runtime13scope_managerNtB2_5Scope5child
FNDA:7,_RNvMNtCsfdX6iJdxz1r_15patlang_runtime13scope_managerNtB2_5Scope6lookup
FNF:20
FNH:6
DA:41,5
DA:42,5
DA:43,5
DA:44,5
DA:45,5
DA:46,5
DA:49,3
DA:50,3
DA:51,3
DA:52,3
DA:53,3
DA:54,3
DA:57,8
DA:58,8
DA:59,8
DA:62,14
DA:63,14
DA:64,7
DA:65,7
DA:66,3
DA:67,4
DA:70,14
DA:90,0
DA:91,0
DA:92,0
DA:93,0
DA:94,0
DA:97,0
DA:98,0
DA:99,0
DA:100,0
DA:103,0
DA:104,0
DA:105,0
DA:106,0
DA:108,0
DA:111,0
DA:112,0
DA:113,0
DA:116,0
DA:117,0
DA:118,0
DA:123,0
DA:125,0
DA:128,0
DA:130,0
DA:133,0
DA:135,0
DA:138,0
DA:140,0
DA:143,0
DA:145,0
DA:148,0
DA:150,0
DA:153,0
DA:155,0
DA:158,0
DA:160,0
DA:163,0
DA:165,0
DA:174,1
DA:175,1
DA:176,1
DA:177,1
DA:178,1
DA:179,1
DA:182,1
DA:183,1
DA:184,1
DA:185,1
DA:186,1
DA:187,1
DA:188,1
DA:189,1
DA:190,1
BRF:0
BRH:0
LF:75
LH:37
end_of_record
SF:E:\patlang\rust-runtime\src\secure_distributed_code_support.rs
FN:233,_RINvNtCs43WEgEEdnv2_15patlang_runtime31secure_distributed_code_support15sandbox_contextppEB4_
FN:233,_RINvNtCsl0JAkcl7hlS_3pat31secure_distributed_code_support15sandbox_contextppEB4_
FN:62,_RNvNtCsl0JAkcl7hlS_3pat31secure_distributed_code_support11deploy_code
FN:109,_RNvNtCsl0JAkcl7hlS_3pat31secure_distributed_code_support14execute_remote
FN:187,_RNvNtCsl0JAkcl7hlS_3pat31secure_distributed_code_support16authorize_action
FN:153,_RNvNtCsl0JAkcl7hlS_3pat31secure_distributed_code_support17authenticate_node
FN:249,_RNvNtCsl0JAkcl7hlS_3pat31secure_distributed_code_support8on_event
FN:223,_RNvNtCsl0JAkcl7hlS_3pat31secure_distributed_code_support9audit_log
FN:233,_RINvNtCs72bbnDkPA3N_3pat31secure_distributed_code_support15sandbox_contextppEB4_
FN:62,_RNvNtCs72bbnDkPA3N_3pat31secure_distributed_code_support11deploy_code
FN:109,_RNvNtCs72bbnDkPA3N_3pat31secure_distributed_code_support14execute_remote
FN:187,_RNvNtCs72bbnDkPA3N_3pat31secure_distributed_code_support16authorize_action
FN:153,_RNvNtCs72bbnDkPA3N_3pat31secure_distributed_code_support17authenticate_node
FN:249,_RNvNtCs72bbnDkPA3N_3pat31secure_distributed_code_support8on_event
FN:223,_RNvNtCs72bbnDkPA3N_3pat31secure_distributed_code_support9audit_log
FN:233,_RINvNtCsfdX6iJdxz1r_15patlang_runtime31secure_distributed_code_support15sandbox_contextppEB4_
FN:62,_RNvNtCsfdX6iJdxz1r_15patlang_runtime31secure_distributed_code_support11deploy_code
FN:109,_RNvNtCsfdX6iJdxz1r_15patlang_runtime31secure_distributed_code_support14execute_remote
FN:187,_RNvNtCsfdX6iJdxz1r_15patlang_runtime31secure_distributed_code_support16authorize_action
FN:153,_RNvNtCsfdX6iJdxz1r_15patlang_runtime31secure_distributed_code_support17authenticate_node
FN:249,_RNvNtCsfdX6iJdxz1r_15patlang_runtime31secure_distributed_code_support8on_event
FN:223,_RNvNtCsfdX6iJdxz1r_15patlang_runtime31secure_distributed_code_support9audit_log
FN:62,_RNvNtCs43WEgEEdnv2_15patlang_runtime31secure_distributed_code_support11deploy_code
FN:109,_RNvNtCs43WEgEEdnv2_15patlang_runtime31secure_distributed_code_support14execute_remote
FN:187,_RNvNtCs43WEgEEdnv2_15patlang_runtime31secure_distributed_code_support16authorize_action
FN:153,_RNvNtCs43WEgEEdnv2_15patlang_runtime31secure_distributed_code_support17authenticate_node
FN:249,_RNvNtCs43WEgEEdnv2_15patlang_runtime31secure_distributed_code_support8on_event
FN:223,_RNvNtCs43WEgEEdnv2_15patlang_runtime31secure_distributed_code_support9audit_log
FNDA:0,_RINvNtCs43WEgEEdnv2_15patlang_runtime31secure_distributed_code_support15sandbox_contextppEB4_
FNDA:0,_RINvNtCsl0JAkcl7hlS_3pat31secure_distributed_code_support15sandbox_contextppEB4_
FNDA:0,_RNvNtCsl0JAkcl7hlS_3pat31secure_distributed_code_support11deploy_code
FNDA:0,_RNvNtCsl0JAkcl7hlS_3pat31secure_distributed_code_support14execute_remote
FNDA:0,_RNvNtCsl0JAkcl7hlS_3pat31secure_distributed_code_support16authorize_action
FNDA:0,_RNvNtCsl0JAkcl7hlS_3pat31secure_distributed_code_support17authenticate_node
FNDA:0,_RNvNtCsl0JAkcl7hlS_3pat31secure_distributed_code_support8on_event
FNDA:0,_RNvNtCsl0JAkcl7hlS_3pat31secure_distributed_code_support9audit_log
FNDA:0,_RINvNtCs72bbnDkPA3N_3pat31secure_distributed_code_support15sandbox_contextppEB4_
FNDA:0,_RNvNtCs72bbnDkPA3N_3pat31secure_distributed_code_support11deploy_code
FNDA:0,_RNvNtCs72bbnDkPA3N_3pat31secure_distributed_code_support14execute_remote
FNDA:0,_RNvNtCs72bbnDkPA3N_3pat31secure_distributed_code_support16authorize_action
FNDA:0,_RNvNtCs72bbnDkPA3N_3pat31secure_distributed_code_support17authenticate_node
FNDA:0,_RNvNtCs72bbnDkPA3N_3pat31secure_distributed_code_support8on_event
FNDA:0,_RNvNtCs72bbnDkPA3N_3pat31secure_distributed_code_support9audit_log
FNDA:0,_RINvNtCsfdX6iJdxz1r_15patlang_runtime31secure_distributed_code_support15sandbox_contextppEB4_
FNDA:0,_RNvNtCsfdX6iJdxz1r_15patlang_runtime31secure_distributed_code_support11deploy_code
FNDA:0,_RNvNtCsfdX6iJdxz1r_15patlang_runtime31secure_distributed_code_support14execute_remote
FNDA:0,_RNvNtCsfdX6iJdxz1r_15patlang_runtime31secure_distributed_code_support16authorize_action
FNDA:0,_RNvNtCsfdX6iJdxz1r_15patlang_runtime31secure_distributed_code_support17authenticate_node
FNDA:0,_RNvNtCsfdX6iJdxz1r_15patlang_runtime31secure_distributed_code_support8on_event
FNDA:0,_RNvNtCsfdX6iJdxz1r_15patlang_runtime31secure_distributed_code_support9audit_log
FNDA:2,_RNvNtCs43WEgEEdnv2_15patlang_runtime31secure_distributed_code_support11deploy_code
FNDA:0,_RNvNtCs43WEgEEdnv2_15patlang_runtime31secure_distributed_code_support14execute_remote
FNDA:0,_RNvNtCs43WEgEEdnv2_15patlang_runtime31secure_distributed_code_support16authorize_action
FNDA:0,_RNvNtCs43WEgEEdnv2_15patlang_runtime31secure_distributed_code_support17authenticate_node
FNDA:2,_RNvNtCs43WEgEEdnv2_15patlang_runtime31secure_distributed_code_support8on_event
FNDA:3,_RNvNtCs43WEgEEdnv2_15patlang_runtime31secure_distributed_code_support9audit_log
FNF:7
FNH:3
DA:62,2
DA:63,2
DA:64,2
DA:65,2
DA:66,2
DA:67,2
DA:68,2
DA:69,2
DA:70,2
DA:71,2
DA:72,2
DA:73,2
DA:74,2
DA:77,2
DA:78,3
DA:79,2
DA:80,2
DA:81,1
DA:82,1
DA:83,1
DA:85,0
DA:88,1
DA:89,1
DA:90,0
DA:91,0
DA:92,0
DA:93,0
DA:94,0
DA:95,0
DA:96,0
DA:97,0
DA:98,0
DA:99,0
DA:100,1
DA:101,1
DA:102,2
DA:109,0
DA:110,0
DA:111,0
DA:112,0
DA:113,0
DA:114,0
DA:115,0
DA:116,0
DA:117,0
DA:118,0
DA:119,0
DA:120,0
DA:121,0
DA:124,0
DA:125,0
DA:126,0
DA:127,0
DA:128,0
DA:129,0
DA:130,0
DA:133,0
DA:134,0
DA:135,0
DA:136,0
DA:137,0
DA:138,0
DA:139,0
DA:140,0
DA:141,0
DA:142,0
DA:143,0
DA:144,0
DA:145,0
DA:146,0
DA:147,0
DA:153,0
DA:154,0
DA:155,0
DA:156,0
DA:157,0
DA:158,0
DA:159,0
DA:160,0
DA:161,0
DA:162,0
DA:163,0
DA:164,0
DA:167,0
DA:168,0
DA:169,0
DA:170,0
DA:171,0
DA:172,0
DA:173,0
DA:174,0
DA:175,0
DA:176,0
DA:177,0
DA:178,0
DA:179,0
DA:180,0
DA:181,0
DA:187,0
DA:188,0
DA:189,0
DA:190,0
DA:191,0
DA:192,0
DA:193,0
DA:194,0
DA:195,0
DA:196,0
DA:197,0
DA:198,0
DA:199,0
DA:202,0
DA:203,0
DA:204,0
DA:205,0
DA:206,0
DA:207,0
DA:208,0
DA:209,0
DA:210,0
DA:211,0
DA:212,0
DA:213,0
DA:214,0
DA:215,0
DA:216,0
DA:223,3
DA:225,3
DA:227,3
DA:233,0
DA:234,0
DA:235,0
DA:236,0
DA:237,0
DA:238,0
DA:241,0
DA:242,0
DA:249,2
DA:251,2
DA:259,2
BRF:0
BRH:0
LF:140
LH:31
end_of_record
SF:E:\patlang\rust-runtime\src\string.rs
FN:10,_RNvNtCs43WEgEEdnv2_15patlang_runtime6string11eval_string
FN:10,_RNvNtCsfdX6iJdxz1r_15patlang_runtime6string11eval_string
FNDA:6,_RNvNtCs43WEgEEdnv2_15patlang_runtime6string11eval_string
FNDA:0,_RNvNtCsfdX6iJdxz1r_15patlang_runtime6string11eval_string
FNF:1
FNH:1
DA:10,6
DA:11,6
DA:12,3
DA:13,3
DA:15,6
BRF:0
BRH:0
LF:5
LH:5
end_of_record
SF:E:\patlang\rust-runtime\src\type_system.rs
FN:77,_RNvMNtCs43WEgEEdnv2_15patlang_runtime11type_systemNtB2_10TypeSystem10check_type
FN:99,_RNvMNtCs43WEgEEdnv2_15patlang_runtime11type_systemNtB2_10TypeSystem10emit_event
FN:92,_RNvMNtCs43WEgEEdnv2_15patlang_runtime11type_systemNtB2_10TypeSystem10infer_type
FN:62,_RNvMNtCs43WEgEEdnv2_15patlang_runtime11type_systemNtB2_10TypeSystem12custom_types
FN:122,_RNvMNtCs43WEgEEdnv2_15patlang_runtime11type_systemNtB2_10TypeSystem14add_constraint
FN:72,_RNvMNtCs43WEgEEdnv2_15patlang_runtime11type_systemNtB2_10TypeSystem20register_custom_type
FN:55,_RNvMNtCs43WEgEEdnv2_15patlang_runtime11type_systemNtB2_10TypeSystem3new
FN:67,_RINvMNtCs43WEgEEdnv2_15patlang_runtime11type_systemNtB3_10TypeSystem20register_integrationpEB5_
FN:67,_RINvMNtCsfdX6iJdxz1r_15patlang_runtime11type_systemNtB3_10TypeSystem20register_integrationpEB5_
FN:77,_RNvMNtCsfdX6iJdxz1r_15patlang_runtime11type_systemNtB2_10TypeSystem10check_type
FN:99,_RNvMNtCsfdX6iJdxz1r_15patlang_runtime11type_systemNtB2_10TypeSystem10emit_event
FN:92,_RNvMNtCsfdX6iJdxz1r_15patlang_runtime11type_systemNtB2_10TypeSystem10infer_type
FN:62,_RNvMNtCsfdX6iJdxz1r_15patlang_runtime11type_systemNtB2_10TypeSystem12custom_types
FN:122,_RNvMNtCsfdX6iJdxz1r_15patlang_runtime11type_systemNtB2_10TypeSystem14add_constraint
FN:72,_RNvMNtCsfdX6iJdxz1r_15patlang_runtime11type_systemNtB2_10TypeSystem20register_custom_type
FN:55,_RNvMNtCsfdX6iJdxz1r_15patlang_runtime11type_systemNtB2_10TypeSystem3new
FNDA:3,_RNvMNtCs43WEgEEdnv2_15patlang_runtime11type_systemNtB2_10TypeSystem10check_type
FNDA:3,_RNvMNtCs43WEgEEdnv2_15patlang_runtime11type_systemNtB2_10TypeSystem10emit_event
FNDA:0,_RNvMNtCs43WEgEEdnv2_15patlang_runtime11type_systemNtB2_10TypeSystem10infer_type
FNDA:1,_RNvMNtCs43WEgEEdnv2_15patlang_runtime11type_systemNtB2_10TypeSystem12custom_types
FNDA:0,_RNvMNtCs43WEgEEdnv2_15patlang_runtime11type_systemNtB2_10TypeSystem14add_constraint
FNDA:1,_RNvMNtCs43WEgEEdnv2_15patlang_runtime11type_systemNtB2_10TypeSystem20register_custom_type
FNDA:4,_RNvMNtCs43WEgEEdnv2_15patlang_runtime11type_systemNtB2_10TypeSystem3new
FNDA:0,_RINvMNtCs43WEgEEdnv2_15patlang_runtime11type_systemNtB3_10TypeSystem20register_integrationpEB5_
FNDA:0,_RINvMNtCsfdX6iJdxz1r_15patlang_runtime11type_systemNtB3_10TypeSystem20register_integrationpEB5_
FNDA:0,_RNvMNtCsfdX6iJdxz1r_15patlang_runtime11type_systemNtB2_10TypeSystem10check_type
FNDA:0,_RNvMNtCsfdX6iJdxz1r_15patlang_runtime11type_systemNtB2_10TypeSystem10emit_event
FNDA:0,_RNvMNtCsfdX6iJdxz1r_15patlang_runtime11type_systemNtB2_10TypeSystem10infer_type
FNDA:0,_RNvMNtCsfdX6iJdxz1r_15patlang_runtime11type_systemNtB2_10TypeSystem12custom_types
FNDA:0,_RNvMNtCsfdX6iJdxz1r_15patlang_runtime11type_systemNtB2_10TypeSystem14add_constraint
FNDA:0,_RNvMNtCsfdX6iJdxz1r_15patlang_runtime11type_systemNtB2_10TypeSystem20register_custom_type
FNDA:0,_RNvMNtCsfdX6iJdxz1r_15patlang_runtime11type_systemNtB2_10TypeSystem3new
FNF:8
FNH:5
DA:55,4
DA:56,4
DA:57,4
DA:58,4
DA:59,4
DA:60,4
DA:62,1
DA:63,1
DA:64,1
DA:67,0
DA:68,0
DA:69,0
DA:72,1
DA:73,1
DA:74,1
DA:77,3
DA:78,3
DA:80,1
DA:81,1
DA:82,1
DA:83,1
DA:85,2
DA:86,2
DA:87,2
DA:89,3
DA:92,0
DA:95,0
DA:96,0
DA:99,3
DA:102,3
DA:104,1
DA:105,0
DA:106,1
DA:109,2
DA:110,0
DA:111,0
DA:112,0
DA:113,0
DA:119,3
DA:122,0
DA:124,0
BRF:0
BRH:0
LF:41
LH:28
end_of_record